Job started  : Sat 23 May 17:57:01 WEST 2026
Node         : gnx501
[1] Loading Python module...
[2] Python loaded
[3] Loading PyTorch module...
[4] PyTorch loaded
[5] Activating venv...
[6] venv activated
[7] Changing directory...
[8] Starting Python...
Device  : cuda
GPU     : NVIDIA A100-SXM4-80GB
VRAM    : 79.1 GB
Model   : alexnet
Epochs  : 3
LR      : 0.05

Starting config (naive):
  batch_size      : 64
  num_workers     : 2
  prefetch_factor : 1

Loading dataset...
Train   : 1,281,167 images
Val     : 50,000 images
Classes : 1000
Loading alexnet...
Starting adaptive training...
==================================================
GPUMonitor started.
AdaptiveController started.
AdaptiveDataLoader ready.
[AdaptiveDataLoader] Building DataLoader — batch=64 workers=2 prefetch=1
Epoch 1/3 | Step     0 | Loss 6.9077 | Acc 0.00% | GPU 0.0% | batch=64 workers=2 prefetch=1
Epoch 1/3 | Step   100 | Loss 6.9083 | Acc 0.11% | GPU 2.1% | batch=64 workers=2 prefetch=1
Epoch 1/3 | Step   200 | Loss 6.9077 | Acc 0.12% | GPU 1.8% | batch=64 workers=2 prefetch=1
Epoch 1/3 | Step   300 | Loss 6.9077 | Acc 0.13% | GPU 2.4% | batch=64 workers=2 prefetch=1
Epoch 1/3 | Step   400 | Loss 6.9078 | Acc 0.13% | GPU 1.3% | batch=64 workers=2 prefetch=1
[Controller] Phase 1 | throughput=98 img/s | GPU=2.5% | batch=64 workers=2
[Controller] Phase 1 workers: 2->4
[AdaptiveDataLoader] Config changed — rebuilding...
[AdaptiveDataLoader] Building DataLoader — batch=64 workers=4 prefetch=1
Epoch 1/3 | Step   500 | Loss 6.9072 | Acc 0.13% | GPU 2.2% | batch=64 workers=4 prefetch=1
Epoch 1/3 | Step   600 | Loss 6.9071 | Acc 0.14% | GPU 4.5% | batch=64 workers=4 prefetch=1
Epoch 1/3 | Step   700 | Loss 6.9072 | Acc 0.13% | GPU 4.3% | batch=64 workers=4 prefetch=1
Epoch 1/3 | Step   800 | Loss 6.9073 | Acc 0.12% | GPU 4.8% | batch=64 workers=4 prefetch=1
Epoch 1/3 | Step   900 | Loss 6.9074 | Acc 0.11% | GPU 5.1% | batch=64 workers=4 prefetch=1
[Controller] Phase 1 | throughput=211 img/s | GPU=4.4% | batch=64 workers=4
[Controller] Improvement: 98 -> 211 img/s (+115.2%)
[Controller] Phase 1 workers: 4->6
[AdaptiveDataLoader] Config changed — rebuilding...
[AdaptiveDataLoader] Building DataLoader — batch=64 workers=6 prefetch=1
Epoch 1/3 | Step  1000 | Loss 6.9074 | Acc 0.12% | GPU 0.0% | batch=64 workers=6 prefetch=1
Epoch 1/3 | Step  1100 | Loss 6.9074 | Acc 0.11% | GPU 3.6% | batch=64 workers=6 prefetch=1
Epoch 1/3 | Step  1200 | Loss 6.9072 | Acc 0.11% | GPU 5.5% | batch=64 workers=6 prefetch=1
Epoch 1/3 | Step  1300 | Loss 6.9060 | Acc 0.11% | GPU 5.3% | batch=64 workers=6 prefetch=1
Epoch 1/3 | Step  1400 | Loss 6.9053 | Acc 0.12% | GPU 6.0% | batch=64 workers=6 prefetch=1
Epoch 1/3 | Step  1500 | Loss 6.9045 | Acc 0.12% | GPU 7.2% | batch=64 workers=6 prefetch=1
Epoch 1/3 | Step  1600 | Loss 6.9032 | Acc 0.12% | GPU 4.0% | batch=64 workers=6 prefetch=1
Epoch 1/3 | Step  1700 | Loss 6.9020 | Acc 0.12% | GPU 6.9% | batch=64 workers=6 prefetch=1
[Controller] Phase 1 | throughput=318 img/s | GPU=7.3% | batch=64 workers=6
[Controller] Improvement: 211 -> 318 img/s (+50.5%)
[Controller] Phase 1 workers: 6->8
[AdaptiveDataLoader] Config changed — rebuilding...
[AdaptiveDataLoader] Building DataLoader — batch=64 workers=8 prefetch=1
Epoch 1/3 | Step  1800 | Loss 6.9009 | Acc 0.12% | GPU 2.3% | batch=64 workers=8 prefetch=1
Epoch 1/3 | Step  1900 | Loss 6.8991 | Acc 0.13% | GPU 7.4% | batch=64 workers=8 prefetch=1
Epoch 1/3 | Step  2000 | Loss 6.8975 | Acc 0.13% | GPU 9.5% | batch=64 workers=8 prefetch=1
Epoch 1/3 | Step  2100 | Loss 6.8955 | Acc 0.13% | GPU 8.8% | batch=64 workers=8 prefetch=1
Epoch 1/3 | Step  2200 | Loss 6.8942 | Acc 0.13% | GPU 6.7% | batch=64 workers=8 prefetch=1
Epoch 1/3 | Step  2300 | Loss 6.8923 | Acc 0.13% | GPU 4.7% | batch=64 workers=8 prefetch=1
Epoch 1/3 | Step  2400 | Loss 6.8899 | Acc 0.13% | GPU 6.2% | batch=64 workers=8 prefetch=1
Epoch 1/3 | Step  2500 | Loss 6.8878 | Acc 0.13% | GPU 6.1% | batch=64 workers=8 prefetch=1
Epoch 1/3 | Step  2600 | Loss 6.8852 | Acc 0.14% | GPU 6.4% | batch=64 workers=8 prefetch=1
[Controller] Phase 1 | throughput=364 img/s | GPU=6.4% | batch=64 workers=8
[Controller] Improvement: 318 -> 364 img/s (+14.7%)
[Controller] Phase 1 workers: 8->10
[AdaptiveDataLoader] Config changed — rebuilding...
[AdaptiveDataLoader] Building DataLoader — batch=64 workers=10 prefetch=1
Epoch 1/3 | Step  2700 | Loss 6.8827 | Acc 0.14% | GPU 3.6% | batch=64 workers=10 prefetch=1
Epoch 1/3 | Step  2800 | Loss 6.8800 | Acc 0.14% | GPU 7.1% | batch=64 workers=10 prefetch=1
Epoch 1/3 | Step  2900 | Loss 6.8772 | Acc 0.14% | GPU 6.3% | batch=64 workers=10 prefetch=1
Epoch 1/3 | Step  3000 | Loss 6.8745 | Acc 0.15% | GPU 7.3% | batch=64 workers=10 prefetch=1
Epoch 1/3 | Step  3100 | Loss 6.8717 | Acc 0.15% | GPU 8.7% | batch=64 workers=10 prefetch=1
Epoch 1/3 | Step  3200 | Loss 6.8687 | Acc 0.15% | GPU 11.9% | batch=64 workers=10 prefetch=1
[Controller] Phase 1 | throughput=516 img/s | GPU=11.3% | batch=64 workers=10
[Controller] Improvement: 364 -> 516 img/s (+41.6%)
[Controller] Phase 1 workers: 10->12
[AdaptiveDataLoader] Config changed — rebuilding...
[AdaptiveDataLoader] Building DataLoader — batch=64 workers=12 prefetch=1
Epoch 1/3 | Step  3300 | Loss 6.8657 | Acc 0.15% | GPU 3.5% | batch=64 workers=12 prefetch=1
Epoch 1/3 | Step  3400 | Loss 6.8628 | Acc 0.16% | GPU 7.6% | batch=64 workers=12 prefetch=1
Epoch 1/3 | Step  3500 | Loss 6.8595 | Acc 0.16% | GPU 9.8% | batch=64 workers=12 prefetch=1
Epoch 1/3 | Step  3600 | Loss 6.8562 | Acc 0.16% | GPU 9.8% | batch=64 workers=12 prefetch=1
Epoch 1/3 | Step  3700 | Loss 6.8522 | Acc 0.17% | GPU 8.4% | batch=64 workers=12 prefetch=1
Epoch 1/3 | Step  3800 | Loss 6.8484 | Acc 0.17% | GPU 9.1% | batch=64 workers=12 prefetch=1
Epoch 1/3 | Step  3900 | Loss 6.8446 | Acc 0.17% | GPU 9.9% | batch=64 workers=12 prefetch=1
Epoch 1/3 | Step  4000 | Loss 6.8407 | Acc 0.17% | GPU 11.4% | batch=64 workers=12 prefetch=1
Epoch 1/3 | Step  4100 | Loss 6.8368 | Acc 0.18% | GPU 12.2% | batch=64 workers=12 prefetch=1
[Controller] Phase 1 | throughput=642 img/s | GPU=11.5% | batch=64 workers=12
[Controller] Improvement: 516 -> 642 img/s (+24.4%)
[Controller] Phase 1 workers: 12->14
[AdaptiveDataLoader] Config changed — rebuilding...
[AdaptiveDataLoader] Building DataLoader — batch=64 workers=14 prefetch=1
Epoch 1/3 | Step  4200 | Loss 6.8324 | Acc 0.18% | GPU 1.8% | batch=64 workers=14 prefetch=1
Epoch 1/3 | Step  4300 | Loss 6.8282 | Acc 0.19% | GPU 5.0% | batch=64 workers=14 prefetch=1
Epoch 1/3 | Step  4400 | Loss 6.8232 | Acc 0.20% | GPU 12.3% | batch=64 workers=14 prefetch=1
Epoch 1/3 | Step  4500 | Loss 6.8182 | Acc 0.21% | GPU 14.0% | batch=64 workers=14 prefetch=1
Epoch 1/3 | Step  4600 | Loss 6.8134 | Acc 0.21% | GPU 14.9% | batch=64 workers=14 prefetch=1
Epoch 1/3 | Step  4700 | Loss 6.8086 | Acc 0.22% | GPU 11.5% | batch=64 workers=14 prefetch=1
Epoch 1/3 | Step  4800 | Loss 6.8034 | Acc 0.23% | GPU 13.7% | batch=64 workers=14 prefetch=1
Epoch 1/3 | Step  4900 | Loss 6.7981 | Acc 0.24% | GPU 15.3% | batch=64 workers=14 prefetch=1
Epoch 1/3 | Step  5000 | Loss 6.7929 | Acc 0.25% | GPU 16.7% | batch=64 workers=14 prefetch=1
Epoch 1/3 | Step  5100 | Loss 6.7875 | Acc 0.26% | GPU 16.6% | batch=64 workers=14 prefetch=1
Epoch 1/3 | Step  5200 | Loss 6.7819 | Acc 0.26% | GPU 15.8% | batch=64 workers=14 prefetch=1
[Controller] Phase 1 | throughput=796 img/s | GPU=16.2% | batch=64 workers=14
[Controller] Improvement: 642 -> 796 img/s (+23.9%)
[Controller] Phase 1 workers: 14->16
[AdaptiveDataLoader] Config changed — rebuilding...
[AdaptiveDataLoader] Building DataLoader — batch=64 workers=16 prefetch=1
Epoch 1/3 | Step  5300 | Loss 6.7759 | Acc 0.27% | GPU 2.4% | batch=64 workers=16 prefetch=1
Epoch 1/3 | Step  5400 | Loss 6.7700 | Acc 0.28% | GPU 4.4% | batch=64 workers=16 prefetch=1
Epoch 1/3 | Step  5500 | Loss 6.7644 | Acc 0.29% | GPU 10.1% | batch=64 workers=16 prefetch=1
Epoch 1/3 | Step  5600 | Loss 6.7585 | Acc 0.30% | GPU 13.0% | batch=64 workers=16 prefetch=1
Epoch 1/3 | Step  5700 | Loss 6.7524 | Acc 0.31% | GPU 12.8% | batch=64 workers=16 prefetch=1
Epoch 1/3 | Step  5800 | Loss 6.7466 | Acc 0.32% | GPU 14.1% | batch=64 workers=16 prefetch=1
Epoch 1/3 | Step  5900 | Loss 6.7406 | Acc 0.32% | GPU 16.6% | batch=64 workers=16 prefetch=1
Epoch 1/3 | Step  6000 | Loss 6.7350 | Acc 0.33% | GPU 14.5% | batch=64 workers=16 prefetch=1
Epoch 1/3 | Step  6100 | Loss 6.7288 | Acc 0.34% | GPU 13.6% | batch=64 workers=16 prefetch=1
[Controller] Phase 1 | throughput=718 img/s | GPU=13.6% | batch=64 workers=16
[Controller] Improvement: 796 -> 718 img/s (-9.8%)
[Controller] Phase 1 complete — workers=16 at 718 img/s. Moving to phase 2 (batch).
Epoch 1/3 | Step  6200 | Loss 6.7227 | Acc 0.35% | GPU 10.8% | batch=64 workers=16 prefetch=1
Epoch 1/3 | Step  6300 | Loss 6.7167 | Acc 0.36% | GPU 10.4% | batch=64 workers=16 prefetch=1
Epoch 1/3 | Step  6400 | Loss 6.7103 | Acc 0.37% | GPU 10.8% | batch=64 workers=16 prefetch=1
Epoch 1/3 | Step  6500 | Loss 6.7038 | Acc 0.38% | GPU 15.1% | batch=64 workers=16 prefetch=1
Epoch 1/3 | Step  6600 | Loss 6.6973 | Acc 0.39% | GPU 15.5% | batch=64 workers=16 prefetch=1
Epoch 1/3 | Step  6700 | Loss 6.6907 | Acc 0.41% | GPU 17.3% | batch=64 workers=16 prefetch=1
Epoch 1/3 | Step  6800 | Loss 6.6846 | Acc 0.42% | GPU 18.4% | batch=64 workers=16 prefetch=1
Epoch 1/3 | Step  6900 | Loss 6.6780 | Acc 0.43% | GPU 19.7% | batch=64 workers=16 prefetch=1
[Controller] Phase 2 | throughput=924 img/s | GPU=17.2% | batch=64 workers=16
[Controller] Phase 2 batch: 64->128
[AdaptiveDataLoader] Config changed — rebuilding...
[AdaptiveDataLoader] Building DataLoader — batch=128 workers=16 prefetch=1
Epoch 1/3 | Step  7000 | Loss 6.6718 | Acc 0.45% | GPU 1.3% | batch=128 workers=16 prefetch=1
Epoch 1/3 | Step  7100 | Loss 6.6648 | Acc 0.47% | GPU 8.6% | batch=128 workers=16 prefetch=1
Epoch 1/3 | Step  7200 | Loss 6.6571 | Acc 0.50% | GPU 12.8% | batch=128 workers=16 prefetch=1
Epoch 1/3 | Step  7300 | Loss 6.6494 | Acc 0.53% | GPU 10.9% | batch=128 workers=16 prefetch=1
Epoch 1/3 | Step  7400 | Loss 6.6411 | Acc 0.57% | GPU 12.1% | batch=128 workers=16 prefetch=1
Epoch 1/3 | Step  7500 | Loss 6.6328 | Acc 0.60% | GPU 15.8% | batch=128 workers=16 prefetch=1
[Controller] Phase 2 | throughput=1024 img/s | GPU=16.6% | batch=128 workers=16
[Controller] Improvement: 924 -> 1024 img/s (+10.8%)
[Controller] Phase 2 batch: 128->192
[AdaptiveDataLoader] Config changed — rebuilding...
[AdaptiveDataLoader] Building DataLoader — batch=192 workers=16 prefetch=1
Epoch 1/3 | Step  7600 | Loss 6.6241 | Acc 0.66% | GPU 5.0% | batch=192 workers=16 prefetch=1
Epoch 1/3 | Step  7700 | Loss 6.6151 | Acc 0.72% | GPU 16.1% | batch=192 workers=16 prefetch=1
[Controller] Phase 2 | throughput=870 img/s | GPU=16.6% | batch=192 workers=16
[Controller] Improvement: 1024 -> 870 img/s (-15.0%)
[Controller] Phase 2 complete — batch=192 at 870 img/s. Moving to phase 3 (re-tune workers).
Epoch 1/3 | Step  7800 | Loss 6.6058 | Acc 0.78% | GPU 14.0% | batch=192 workers=16 prefetch=1
Epoch 1/3 | Step  7900 | Loss 6.5964 | Acc 0.84% | GPU 11.2% | batch=192 workers=16 prefetch=1
Epoch 1/3 | Step  8000 | Loss 6.5868 | Acc 0.90% | GPU 11.9% | batch=192 workers=16 prefetch=1
[Controller] Phase 3 | throughput=928 img/s | GPU=12.3% | batch=192 workers=16
[Controller] CONVERGED
  throughput  : 928 img/s
  final config: batch=192 workers=16
  improvement threshold 3% not met in any phase
Epoch 1/3 | Step  8100 | Loss 6.5771 | Acc 0.97% | GPU 11.4% | batch=192 workers=16 prefetch=1
Epoch 1/3 | Step  8200 | Loss 6.5671 | Acc 1.04% | GPU 14.2% | batch=192 workers=16 prefetch=1
Epoch 1/3 | Step  8300 | Loss 6.5574 | Acc 1.11% | GPU 15.1% | batch=192 workers=16 prefetch=1
Epoch 1/3 | Step  8400 | Loss 6.5475 | Acc 1.17% | GPU 11.1% | batch=192 workers=16 prefetch=1
Epoch 1/3 | Step  8500 | Loss 6.5378 | Acc 1.23% | GPU 7.3% | batch=192 workers=16 prefetch=1
Epoch 1/3 | Step  8600 | Loss 6.5278 | Acc 1.29% | GPU 15.3% | batch=192 workers=16 prefetch=1
Epoch 1/3 | Step  8700 | Loss 6.5178 | Acc 1.36% | GPU 14.5% | batch=192 workers=16 prefetch=1
Epoch 1/3 | Step  8800 | Loss 6.5075 | Acc 1.43% | GPU 11.5% | batch=192 workers=16 prefetch=1
Epoch 1/3 | Step  8900 | Loss 6.4974 | Acc 1.49% | GPU 10.3% | batch=192 workers=16 prefetch=1
Epoch 1/3 | Step  9000 | Loss 6.4873 | Acc 1.56% | GPU 10.5% | batch=192 workers=16 prefetch=1
Epoch 1/3 | Step  9100 | Loss 6.4770 | Acc 1.63% | GPU 11.0% | batch=192 workers=16 prefetch=1
Epoch 1/3 | Step  9200 | Loss 6.4668 | Acc 1.70% | GPU 15.4% | batch=192 workers=16 prefetch=1
Epoch 1/3 | Step  9300 | Loss 6.4566 | Acc 1.77% | GPU 11.2% | batch=192 workers=16 prefetch=1
Epoch 1/3 | Step  9400 | Loss 6.4465 | Acc 1.84% | GPU 11.5% | batch=192 workers=16 prefetch=1
Epoch 1/3 | Step  9500 | Loss 6.4362 | Acc 1.91% | GPU 15.6% | batch=192 workers=16 prefetch=1
Epoch 1/3 | Step  9600 | Loss 6.4259 | Acc 1.98% | GPU 10.0% | batch=192 workers=16 prefetch=1
Epoch 1/3 | Step  9700 | Loss 6.4157 | Acc 2.04% | GPU 14.6% | batch=192 workers=16 prefetch=1
Epoch 1/3 | Step  9800 | Loss 6.4054 | Acc 2.12% | GPU 13.6% | batch=192 workers=16 prefetch=1
Epoch 1/3 | Step  9900 | Loss 6.3952 | Acc 2.19% | GPU 12.2% | batch=192 workers=16 prefetch=1
Epoch 1/3 | Step 10000 | Loss 6.3851 | Acc 2.26% | GPU 9.9% | batch=192 workers=16 prefetch=1
Epoch 1/3 | Step 10100 | Loss 6.3752 | Acc 2.33% | GPU 12.2% | batch=192 workers=16 prefetch=1
Epoch 1/3 | Step 10200 | Loss 6.3650 | Acc 2.40% | GPU 10.1% | batch=192 workers=16 prefetch=1
Epoch 1/3 | Step 10300 | Loss 6.3550 | Acc 2.47% | GPU 9.4% | batch=192 workers=16 prefetch=1
Epoch 1/3 | Step 10400 | Loss 6.3450 | Acc 2.54% | GPU 12.1% | batch=192 workers=16 prefetch=1
Epoch 1/3 | Step 10500 | Loss 6.3351 | Acc 2.61% | GPU 13.4% | batch=192 workers=16 prefetch=1
Epoch 1/3 | Step 10600 | Loss 6.3251 | Acc 2.67% | GPU 11.7% | batch=192 workers=16 prefetch=1
Epoch 1/3 | Step 10700 | Loss 6.3152 | Acc 2.74% | GPU 13.8% | batch=192 workers=16 prefetch=1
Epoch 1/3 | Step 10800 | Loss 6.3053 | Acc 2.81% | GPU 9.7% | batch=192 workers=16 prefetch=1
Epoch 1/3 | Step 10900 | Loss 6.2955 | Acc 2.88% | GPU 13.0% | batch=192 workers=16 prefetch=1
Epoch 1/3 | Step 11000 | Loss 6.2858 | Acc 2.95% | GPU 10.4% | batch=192 workers=16 prefetch=1
Epoch 1/3 | Step 11100 | Loss 6.2761 | Acc 3.01% | GPU 9.6% | batch=192 workers=16 prefetch=1
Epoch 1/3 | Step 11200 | Loss 6.2667 | Acc 3.07% | GPU 11.3% | batch=192 workers=16 prefetch=1
Epoch 1/3 | Step 11300 | Loss 6.2573 | Acc 3.14% | GPU 15.2% | batch=192 workers=16 prefetch=1
Epoch 1/3 | Step 11400 | Loss 6.2480 | Acc 3.21% | GPU 12.8% | batch=192 workers=16 prefetch=1
Epoch 1/3 | Step 11500 | Loss 6.2385 | Acc 3.27% | GPU 14.8% | batch=192 workers=16 prefetch=1
Epoch 1/3 | Step 11600 | Loss 6.2288 | Acc 3.34% | GPU 12.2% | batch=192 workers=16 prefetch=1
Epoch 1/3 | Step 11700 | Loss 6.2193 | Acc 3.41% | GPU 16.1% | batch=192 workers=16 prefetch=1
Epoch 1/3 | Step 11800 | Loss 6.2098 | Acc 3.47% | GPU 9.1% | batch=192 workers=16 prefetch=1
Epoch 1/3 | Step 11900 | Loss 6.2004 | Acc 3.54% | GPU 11.2% | batch=192 workers=16 prefetch=1
Epoch 1/3 | Step 12000 | Loss 6.1912 | Acc 3.60% | GPU 10.5% | batch=192 workers=16 prefetch=1
Epoch 1/3 | Step 12100 | Loss 6.1819 | Acc 3.67% | GPU 9.3% | batch=192 workers=16 prefetch=1
Epoch 1/3 | Step 12200 | Loss 6.1727 | Acc 3.74% | GPU 9.1% | batch=192 workers=16 prefetch=1
Epoch 1/3 | Step 12300 | Loss 6.1636 | Acc 3.81% | GPU 10.7% | batch=192 workers=16 prefetch=1
Epoch 1/3 | Step 12400 | Loss 6.1543 | Acc 3.88% | GPU 10.6% | batch=192 workers=16 prefetch=1
Epoch 1/3 | Step 12500 | Loss 6.1453 | Acc 3.95% | GPU 14.6% | batch=192 workers=16 prefetch=1
Epoch 1/3 | Step 12600 | Loss 6.1365 | Acc 4.01% | GPU 11.5% | batch=192 workers=16 prefetch=1
Epoch 1/3 | Step 12700 | Loss 6.1274 | Acc 4.07% | GPU 10.7% | batch=192 workers=16 prefetch=1
Epoch 1/3 | Step 12800 | Loss 6.1185 | Acc 4.14% | GPU 10.3% | batch=192 workers=16 prefetch=1
Epoch 1/3 | Step 12900 | Loss 6.1095 | Acc 4.20% | GPU 13.7% | batch=192 workers=16 prefetch=1
Epoch 1/3 | Step 13000 | Loss 6.1007 | Acc 4.27% | GPU 8.6% | batch=192 workers=16 prefetch=1
Epoch 1/3 | Step 13100 | Loss 6.0919 | Acc 4.34% | GPU 9.8% | batch=192 workers=16 prefetch=1
Epoch 1/3 | Step 13200 | Loss 6.0832 | Acc 4.40% | GPU 13.6% | batch=192 workers=16 prefetch=1
Epoch 1/3 | Step 13300 | Loss 6.0744 | Acc 4.47% | GPU 10.8% | batch=192 workers=16 prefetch=1
Epoch 1/3 | Step 13400 | Loss 6.0658 | Acc 4.53% | GPU 8.5% | batch=192 workers=16 prefetch=1
Epoch 1/3 | Step 13500 | Loss 6.0571 | Acc 4.60% | GPU 10.1% | batch=192 workers=16 prefetch=1
Epoch 1/3 | Step 13600 | Loss 6.0486 | Acc 4.66% | GPU 12.0% | batch=192 workers=16 prefetch=1
Epoch 1/3 | Step 13700 | Loss 6.0401 | Acc 4.72% | GPU 11.6% | batch=192 workers=16 prefetch=1
Epoch 1/3 | Step 13800 | Loss 6.0314 | Acc 4.79% | GPU 9.6% | batch=192 workers=16 prefetch=1
Epoch 1/3 | Step 13900 | Loss 6.0229 | Acc 4.86% | GPU 9.4% | batch=192 workers=16 prefetch=1
Epoch 1/3 | Step 14000 | Loss 6.0145 | Acc 4.93% | GPU 9.8% | batch=192 workers=16 prefetch=1
Epoch 1/3 | Step 14100 | Loss 6.0061 | Acc 4.99% | GPU 11.0% | batch=192 workers=16 prefetch=1
Epoch 1/3 | Step 14200 | Loss 5.9979 | Acc 5.05% | GPU 12.3% | batch=192 workers=16 prefetch=1
  Running validation...
  Val step 0/782
  Val step 50/782
  Val step 100/782
  Val step 150/782
  Val step 200/782
  Val step 250/782
  Val step 300/782
  Val step 350/782
  Val step 400/782
  Val step 450/782
  Val step 500/782
  Val step 550/782
  Val step 600/782
  Val step 650/782
  Val step 700/782
  Val step 750/782
  Val Acc : 14.22%
==================================================
Epoch 1 Summary
  Loss          : 5.9976
  Train Acc     : 5.05%
  Val Acc       : 14.22%
  Throughput    : 435 img/s
  GPU Util      : 10.0%
  Idle Time     : 90.0%
  VRAM Used     : 3445 MB
  VRAM Free     : 78475 MB
  Batch size    : 192
  Workers       : 16
  Prefetch      : 1
  Adjustments   : 9
  Time          : 68.8 min
==================================================
Epoch 2/3 | Step     0 | Loss 4.5960 | Acc 11.98% | GPU 0.0% | batch=192 workers=16 prefetch=1
Epoch 2/3 | Step   100 | Loss 4.7755 | Acc 11.39% | GPU 7.8% | batch=192 workers=16 prefetch=1
Epoch 2/3 | Step   200 | Loss 4.7524 | Acc 11.68% | GPU 10.2% | batch=192 workers=16 prefetch=1
Epoch 2/3 | Step   300 | Loss 4.7432 | Acc 11.84% | GPU 9.1% | batch=192 workers=16 prefetch=1
Epoch 2/3 | Step   400 | Loss 4.7336 | Acc 11.95% | GPU 4.5% | batch=192 workers=16 prefetch=1
Epoch 2/3 | Step   500 | Loss 4.7303 | Acc 12.01% | GPU 7.3% | batch=192 workers=16 prefetch=1
Epoch 2/3 | Step   600 | Loss 4.7176 | Acc 12.08% | GPU 11.2% | batch=192 workers=16 prefetch=1
Epoch 2/3 | Step   700 | Loss 4.7117 | Acc 12.16% | GPU 12.8% | batch=192 workers=16 prefetch=1
Epoch 2/3 | Step   800 | Loss 4.7079 | Acc 12.25% | GPU 10.3% | batch=192 workers=16 prefetch=1
Epoch 2/3 | Step   900 | Loss 4.7009 | Acc 12.31% | GPU 9.6% | batch=192 workers=16 prefetch=1
Epoch 2/3 | Step  1000 | Loss 4.6954 | Acc 12.38% | GPU 10.5% | batch=192 workers=16 prefetch=1
Epoch 2/3 | Step  1100 | Loss 4.6912 | Acc 12.43% | GPU 10.9% | batch=192 workers=16 prefetch=1
Epoch 2/3 | Step  1200 | Loss 4.6856 | Acc 12.48% | GPU 11.6% | batch=192 workers=16 prefetch=1
Epoch 2/3 | Step  1300 | Loss 4.6809 | Acc 12.53% | GPU 9.4% | batch=192 workers=16 prefetch=1
Epoch 2/3 | Step  1400 | Loss 4.6755 | Acc 12.57% | GPU 9.8% | batch=192 workers=16 prefetch=1
Epoch 2/3 | Step  1500 | Loss 4.6720 | Acc 12.60% | GPU 9.0% | batch=192 workers=16 prefetch=1
Epoch 2/3 | Step  1600 | Loss 4.6662 | Acc 12.68% | GPU 12.2% | batch=192 workers=16 prefetch=1
Epoch 2/3 | Step  1700 | Loss 4.6621 | Acc 12.74% | GPU 11.3% | batch=192 workers=16 prefetch=1
Epoch 2/3 | Step  1800 | Loss 4.6574 | Acc 12.80% | GPU 7.3% | batch=192 workers=16 prefetch=1
Epoch 2/3 | Step  1900 | Loss 4.6539 | Acc 12.86% | GPU 9.8% | batch=192 workers=16 prefetch=1
Epoch 2/3 | Step  2000 | Loss 4.6496 | Acc 12.91% | GPU 11.3% | batch=192 workers=16 prefetch=1
Epoch 2/3 | Step  2100 | Loss 4.6459 | Acc 12.94% | GPU 10.7% | batch=192 workers=16 prefetch=1
Epoch 2/3 | Step  2200 | Loss 4.6423 | Acc 12.98% | GPU 13.7% | batch=192 workers=16 prefetch=1
Epoch 2/3 | Step  2300 | Loss 4.6375 | Acc 13.03% | GPU 14.2% | batch=192 workers=16 prefetch=1
Epoch 2/3 | Step  2400 | Loss 4.6341 | Acc 13.08% | GPU 13.8% | batch=192 workers=16 prefetch=1
Epoch 2/3 | Step  2500 | Loss 4.6307 | Acc 13.12% | GPU 14.6% | batch=192 workers=16 prefetch=1
Epoch 2/3 | Step  2600 | Loss 4.6278 | Acc 13.16% | GPU 14.4% | batch=192 workers=16 prefetch=1
Epoch 2/3 | Step  2700 | Loss 4.6246 | Acc 13.20% | GPU 13.2% | batch=192 workers=16 prefetch=1
Epoch 2/3 | Step  2800 | Loss 4.6217 | Acc 13.23% | GPU 12.0% | batch=192 workers=16 prefetch=1
Epoch 2/3 | Step  2900 | Loss 4.6179 | Acc 13.27% | GPU 8.9% | batch=192 workers=16 prefetch=1
Epoch 2/3 | Step  3000 | Loss 4.6148 | Acc 13.30% | GPU 12.4% | batch=192 workers=16 prefetch=1
Epoch 2/3 | Step  3100 | Loss 4.6118 | Acc 13.33% | GPU 9.3% | batch=192 workers=16 prefetch=1
Epoch 2/3 | Step  3200 | Loss 4.6081 | Acc 13.37% | GPU 8.0% | batch=192 workers=16 prefetch=1
Epoch 2/3 | Step  3300 | Loss 4.6041 | Acc 13.42% | GPU 8.9% | batch=192 workers=16 prefetch=1
Epoch 2/3 | Step  3400 | Loss 4.6012 | Acc 13.46% | GPU 10.2% | batch=192 workers=16 prefetch=1
Epoch 2/3 | Step  3500 | Loss 4.5978 | Acc 13.50% | GPU 7.6% | batch=192 workers=16 prefetch=1
Epoch 2/3 | Step  3600 | Loss 4.5943 | Acc 13.53% | GPU 9.0% | batch=192 workers=16 prefetch=1
Epoch 2/3 | Step  3700 | Loss 4.5908 | Acc 13.57% | GPU 15.0% | batch=192 workers=16 prefetch=1
Epoch 2/3 | Step  3800 | Loss 4.5880 | Acc 13.61% | GPU 8.7% | batch=192 workers=16 prefetch=1
Epoch 2/3 | Step  3900 | Loss 4.5837 | Acc 13.66% | GPU 15.7% | batch=192 workers=16 prefetch=1
Epoch 2/3 | Step  4000 | Loss 4.5814 | Acc 13.69% | GPU 11.6% | batch=192 workers=16 prefetch=1
Epoch 2/3 | Step  4100 | Loss 4.5782 | Acc 13.73% | GPU 9.5% | batch=192 workers=16 prefetch=1
Epoch 2/3 | Step  4200 | Loss 4.5754 | Acc 13.77% | GPU 12.3% | batch=192 workers=16 prefetch=1
Epoch 2/3 | Step  4300 | Loss 4.5726 | Acc 13.81% | GPU 10.6% | batch=192 workers=16 prefetch=1
Epoch 2/3 | Step  4400 | Loss 4.5690 | Acc 13.85% | GPU 13.3% | batch=192 workers=16 prefetch=1
Epoch 2/3 | Step  4500 | Loss 4.5660 | Acc 13.88% | GPU 10.7% | batch=192 workers=16 prefetch=1
Epoch 2/3 | Step  4600 | Loss 4.5626 | Acc 13.93% | GPU 10.7% | batch=192 workers=16 prefetch=1
Epoch 2/3 | Step  4700 | Loss 4.5602 | Acc 13.95% | GPU 10.5% | batch=192 workers=16 prefetch=1
Epoch 2/3 | Step  4800 | Loss 4.5569 | Acc 13.99% | GPU 12.0% | batch=192 workers=16 prefetch=1
Epoch 2/3 | Step  4900 | Loss 4.5539 | Acc 14.03% | GPU 11.3% | batch=192 workers=16 prefetch=1
Epoch 2/3 | Step  5000 | Loss 4.5510 | Acc 14.06% | GPU 14.9% | batch=192 workers=16 prefetch=1
Epoch 2/3 | Step  5100 | Loss 4.5473 | Acc 14.10% | GPU 12.7% | batch=192 workers=16 prefetch=1
Epoch 2/3 | Step  5200 | Loss 4.5441 | Acc 14.14% | GPU 12.6% | batch=192 workers=16 prefetch=1
Epoch 2/3 | Step  5300 | Loss 4.5411 | Acc 14.18% | GPU 17.8% | batch=192 workers=16 prefetch=1
Epoch 2/3 | Step  5400 | Loss 4.5382 | Acc 14.21% | GPU 11.5% | batch=192 workers=16 prefetch=1
Epoch 2/3 | Step  5500 | Loss 4.5352 | Acc 14.24% | GPU 10.1% | batch=192 workers=16 prefetch=1
Epoch 2/3 | Step  5600 | Loss 4.5323 | Acc 14.28% | GPU 12.4% | batch=192 workers=16 prefetch=1
Epoch 2/3 | Step  5700 | Loss 4.5288 | Acc 14.33% | GPU 11.4% | batch=192 workers=16 prefetch=1
Epoch 2/3 | Step  5800 | Loss 4.5258 | Acc 14.36% | GPU 13.1% | batch=192 workers=16 prefetch=1
Epoch 2/3 | Step  5900 | Loss 4.5226 | Acc 14.41% | GPU 11.2% | batch=192 workers=16 prefetch=1
Epoch 2/3 | Step  6000 | Loss 4.5195 | Acc 14.44% | GPU 9.3% | batch=192 workers=16 prefetch=1
Epoch 2/3 | Step  6100 | Loss 4.5169 | Acc 14.49% | GPU 9.7% | batch=192 workers=16 prefetch=1
Epoch 2/3 | Step  6200 | Loss 4.5140 | Acc 14.52% | GPU 8.2% | batch=192 workers=16 prefetch=1
Epoch 2/3 | Step  6300 | Loss 4.5112 | Acc 14.55% | GPU 10.9% | batch=192 workers=16 prefetch=1
Epoch 2/3 | Step  6400 | Loss 4.5084 | Acc 14.58% | GPU 13.6% | batch=192 workers=16 prefetch=1
Epoch 2/3 | Step  6500 | Loss 4.5053 | Acc 14.62% | GPU 11.1% | batch=192 workers=16 prefetch=1
Epoch 2/3 | Step  6600 | Loss 4.5027 | Acc 14.66% | GPU 14.7% | batch=192 workers=16 prefetch=1
  Running validation...
  Val step 0/782
  Val step 50/782
  Val step 100/782
  Val step 150/782
  Val step 200/782
  Val step 250/782
  Val step 300/782
  Val step 350/782
  Val step 400/782
  Val step 450/782
  Val step 500/782
  Val step 550/782
  Val step 600/782
  Val step 650/782
  Val step 700/782
  Val step 750/782
  Val Acc : 21.78%
==================================================
Epoch 2 Summary
  Loss          : 4.5004
  Train Acc     : 14.68%
  Val Acc       : 21.78%
  Throughput    : 528 img/s
  GPU Util      : 11.0%
  Idle Time     : 89.0%
  VRAM Used     : 4206 MB
  VRAM Free     : 77714 MB
  Batch size    : 192
  Workers       : 16
  Prefetch      : 1
  Adjustments   : 0
  Time          : 40.4 min
==================================================
Epoch 3/3 | Step     0 | Loss 4.3232 | Acc 14.06% | GPU 0.0% | batch=192 workers=16 prefetch=1
Epoch 3/3 | Step   100 | Loss 4.1798 | Acc 18.98% | GPU 7.4% | batch=192 workers=16 prefetch=1
Epoch 3/3 | Step   200 | Loss 4.1513 | Acc 19.16% | GPU 8.8% | batch=192 workers=16 prefetch=1
Epoch 3/3 | Step   300 | Loss 4.1440 | Acc 19.26% | GPU 11.3% | batch=192 workers=16 prefetch=1
Epoch 3/3 | Step   400 | Loss 4.1277 | Acc 19.46% | GPU 11.0% | batch=192 workers=16 prefetch=1
Epoch 3/3 | Step   500 | Loss 4.1169 | Acc 19.48% | GPU 13.0% | batch=192 workers=16 prefetch=1
Epoch 3/3 | Step   600 | Loss 4.1134 | Acc 19.54% | GPU 10.3% | batch=192 workers=16 prefetch=1
Epoch 3/3 | Step   700 | Loss 4.1076 | Acc 19.65% | GPU 12.9% | batch=192 workers=16 prefetch=1
Epoch 3/3 | Step   800 | Loss 4.1034 | Acc 19.75% | GPU 10.7% | batch=192 workers=16 prefetch=1
Epoch 3/3 | Step   900 | Loss 4.1018 | Acc 19.77% | GPU 11.9% | batch=192 workers=16 prefetch=1
Epoch 3/3 | Step  1000 | Loss 4.0981 | Acc 19.84% | GPU 10.2% | batch=192 workers=16 prefetch=1
Epoch 3/3 | Step  1100 | Loss 4.0945 | Acc 19.88% | GPU 14.2% | batch=192 workers=16 prefetch=1
Epoch 3/3 | Step  1200 | Loss 4.0914 | Acc 19.92% | GPU 15.7% | batch=192 workers=16 prefetch=1
Epoch 3/3 | Step  1300 | Loss 4.0903 | Acc 19.94% | GPU 11.8% | batch=192 workers=16 prefetch=1
Epoch 3/3 | Step  1400 | Loss 4.0882 | Acc 19.96% | GPU 8.4% | batch=192 workers=16 prefetch=1
Epoch 3/3 | Step  1500 | Loss 4.0837 | Acc 19.98% | GPU 14.7% | batch=192 workers=16 prefetch=1
Epoch 3/3 | Step  1600 | Loss 4.0835 | Acc 19.99% | GPU 11.4% | batch=192 workers=16 prefetch=1
Epoch 3/3 | Step  1700 | Loss 4.0810 | Acc 20.03% | GPU 11.2% | batch=192 workers=16 prefetch=1
Epoch 3/3 | Step  1800 | Loss 4.0791 | Acc 20.07% | GPU 9.6% | batch=192 workers=16 prefetch=1
Epoch 3/3 | Step  1900 | Loss 4.0768 | Acc 20.10% | GPU 9.9% | batch=192 workers=16 prefetch=1
Epoch 3/3 | Step  2000 | Loss 4.0744 | Acc 20.12% | GPU 12.5% | batch=192 workers=16 prefetch=1
Epoch 3/3 | Step  2100 | Loss 4.0732 | Acc 20.14% | GPU 11.1% | batch=192 workers=16 prefetch=1
Epoch 3/3 | Step  2200 | Loss 4.0714 | Acc 20.18% | GPU 12.1% | batch=192 workers=16 prefetch=1
Epoch 3/3 | Step  2300 | Loss 4.0696 | Acc 20.20% | GPU 11.1% | batch=192 workers=16 prefetch=1
Epoch 3/3 | Step  2400 | Loss 4.0666 | Acc 20.25% | GPU 9.1% | batch=192 workers=16 prefetch=1
Epoch 3/3 | Step  2500 | Loss 4.0647 | Acc 20.26% | GPU 14.2% | batch=192 workers=16 prefetch=1
Epoch 3/3 | Step  2600 | Loss 4.0627 | Acc 20.28% | GPU 14.0% | batch=192 workers=16 prefetch=1
Epoch 3/3 | Step  2700 | Loss 4.0608 | Acc 20.30% | GPU 12.0% | batch=192 workers=16 prefetch=1
Epoch 3/3 | Step  2800 | Loss 4.0589 | Acc 20.33% | GPU 10.8% | batch=192 workers=16 prefetch=1
Epoch 3/3 | Step  2900 | Loss 4.0581 | Acc 20.35% | GPU 12.1% | batch=192 workers=16 prefetch=1
Epoch 3/3 | Step  3000 | Loss 4.0574 | Acc 20.35% | GPU 7.3% | batch=192 workers=16 prefetch=1
Epoch 3/3 | Step  3100 | Loss 4.0557 | Acc 20.38% | GPU 9.4% | batch=192 workers=16 prefetch=1
Epoch 3/3 | Step  3200 | Loss 4.0527 | Acc 20.42% | GPU 11.7% | batch=192 workers=16 prefetch=1
Epoch 3/3 | Step  3300 | Loss 4.0511 | Acc 20.46% | GPU 8.6% | batch=192 workers=16 prefetch=1
Epoch 3/3 | Step  3400 | Loss 4.0488 | Acc 20.49% | GPU 10.0% | batch=192 workers=16 prefetch=1
Epoch 3/3 | Step  3500 | Loss 4.0467 | Acc 20.52% | GPU 7.8% | batch=192 workers=16 prefetch=1
Epoch 3/3 | Step  3600 | Loss 4.0451 | Acc 20.53% | GPU 11.3% | batch=192 workers=16 prefetch=1
Epoch 3/3 | Step  3700 | Loss 4.0434 | Acc 20.56% | GPU 9.3% | batch=192 workers=16 prefetch=1
Epoch 3/3 | Step  3800 | Loss 4.0413 | Acc 20.59% | GPU 9.5% | batch=192 workers=16 prefetch=1
Epoch 3/3 | Step  3900 | Loss 4.0403 | Acc 20.61% | GPU 12.3% | batch=192 workers=16 prefetch=1
Epoch 3/3 | Step  4000 | Loss 4.0390 | Acc 20.62% | GPU 11.4% | batch=192 workers=16 prefetch=1
Epoch 3/3 | Step  4100 | Loss 4.0384 | Acc 20.63% | GPU 13.1% | batch=192 workers=16 prefetch=1
Epoch 3/3 | Step  4200 | Loss 4.0375 | Acc 20.64% | GPU 11.2% | batch=192 workers=16 prefetch=1
Epoch 3/3 | Step  4300 | Loss 4.0362 | Acc 20.66% | GPU 6.6% | batch=192 workers=16 prefetch=1
Epoch 3/3 | Step  4400 | Loss 4.0345 | Acc 20.69% | GPU 15.2% | batch=192 workers=16 prefetch=1
Epoch 3/3 | Step  4500 | Loss 4.0327 | Acc 20.71% | GPU 13.3% | batch=192 workers=16 prefetch=1
Epoch 3/3 | Step  4600 | Loss 4.0315 | Acc 20.73% | GPU 9.6% | batch=192 workers=16 prefetch=1
Epoch 3/3 | Step  4700 | Loss 4.0300 | Acc 20.75% | GPU 14.1% | batch=192 workers=16 prefetch=1
Epoch 3/3 | Step  4800 | Loss 4.0293 | Acc 20.76% | GPU 11.7% | batch=192 workers=16 prefetch=1
Epoch 3/3 | Step  4900 | Loss 4.0276 | Acc 20.79% | GPU 14.5% | batch=192 workers=16 prefetch=1
Epoch 3/3 | Step  5000 | Loss 4.0257 | Acc 20.81% | GPU 11.0% | batch=192 workers=16 prefetch=1
Epoch 3/3 | Step  5100 | Loss 4.0248 | Acc 20.82% | GPU 7.1% | batch=192 workers=16 prefetch=1
Epoch 3/3 | Step  5200 | Loss 4.0235 | Acc 20.84% | GPU 13.7% | batch=192 workers=16 prefetch=1
Epoch 3/3 | Step  5300 | Loss 4.0225 | Acc 20.85% | GPU 16.4% | batch=192 workers=16 prefetch=1
Epoch 3/3 | Step  5400 | Loss 4.0211 | Acc 20.86% | GPU 14.5% | batch=192 workers=16 prefetch=1
Epoch 3/3 | Step  5500 | Loss 4.0198 | Acc 20.88% | GPU 12.0% | batch=192 workers=16 prefetch=1
Epoch 3/3 | Step  5600 | Loss 4.0184 | Acc 20.90% | GPU 12.3% | batch=192 workers=16 prefetch=1
Epoch 3/3 | Step  5700 | Loss 4.0171 | Acc 20.91% | GPU 11.1% | batch=192 workers=16 prefetch=1
Epoch 3/3 | Step  5800 | Loss 4.0160 | Acc 20.93% | GPU 11.5% | batch=192 workers=16 prefetch=1
Epoch 3/3 | Step  5900 | Loss 4.0152 | Acc 20.93% | GPU 13.3% | batch=192 workers=16 prefetch=1
Epoch 3/3 | Step  6000 | Loss 4.0140 | Acc 20.94% | GPU 11.3% | batch=192 workers=16 prefetch=1
Epoch 3/3 | Step  6100 | Loss 4.0121 | Acc 20.97% | GPU 12.8% | batch=192 workers=16 prefetch=1
Epoch 3/3 | Step  6200 | Loss 4.0108 | Acc 20.98% | GPU 8.7% | batch=192 workers=16 prefetch=1
Epoch 3/3 | Step  6300 | Loss 4.0091 | Acc 21.01% | GPU 9.5% | batch=192 workers=16 prefetch=1
Epoch 3/3 | Step  6400 | Loss 4.0076 | Acc 21.03% | GPU 8.4% | batch=192 workers=16 prefetch=1
Epoch 3/3 | Step  6500 | Loss 4.0062 | Acc 21.04% | GPU 9.8% | batch=192 workers=16 prefetch=1
Epoch 3/3 | Step  6600 | Loss 4.0052 | Acc 21.06% | GPU 9.1% | batch=192 workers=16 prefetch=1
  Running validation...
  Val step 0/782
  Val step 50/782
  Val step 100/782
  Val step 150/782
  Val step 200/782
  Val step 250/782
  Val step 300/782
  Val step 350/782
  Val step 400/782
  Val step 450/782
  Val step 500/782
  Val step 550/782
  Val step 600/782
  Val step 650/782
  Val step 700/782
  Val step 750/782
  Val Acc : 28.03%
==================================================
Epoch 3 Summary
  Loss          : 4.0046
  Train Acc     : 21.07%
  Val Acc       : 28.03%
  Throughput    : 554 img/s
  GPU Util      : 11.1%
  Idle Time     : 88.9%
  VRAM Used     : 4206 MB
  VRAM Free     : 77714 MB
  Batch size    : 192
  Workers       : 16
  Prefetch      : 1
  Adjustments   : 0
  Time          : 38.5 min
==================================================
AdaptiveController stopped.
GPUMonitor stopped.

All adjustments made during training:
  [18:03:00] Phase 1 workers: 2->4 (GPU 2.5% | VRAM free 96.7%)
  [18:06:00] Phase 1 workers: 4->6 (GPU 4.4% | VRAM free 96.7%)
  [18:09:00] Phase 1 workers: 6->8 (GPU 7.3% | VRAM free 96.7%)
  [18:12:00] Phase 1 workers: 8->10 (GPU 6.4% | VRAM free 96.7%)
  [18:15:00] Phase 1 workers: 10->12 (GPU 11.3% | VRAM free 96.7%)
  [18:18:00] Phase 1 workers: 12->14 (GPU 11.5% | VRAM free 96.7%)
  [18:21:00] Phase 1 workers: 14->16 (GPU 16.2% | VRAM free 96.7%)
  [18:25:00] Phase 2 batch: 64->128 (GPU 17.2% | VRAM free 96.7%)
  [18:28:00] Phase 2 batch: 128->192 (GPU 16.6% | VRAM free 95.8%)

Done. Results saved → logs/adaptive_alexnet_metrics.csv
Job finished : Sat 23 May 20:26:00 WEST 2026
