Job started  : Sun 24 May 10:20:46 WEST 2026
Node         : gnx501
[1] Loading Python module...
[2] Python loaded
[3] Loading PyTorch module...
[4] PyTorch loaded
[5] Activating venv...
[6] venv activated
[7] Changing directory...
[8] Starting Python...
Device  : cuda
GPU     : NVIDIA A100-SXM4-80GB
VRAM    : 79.1 GB
Model   : alexnet
Epochs  : 3
LR      : 0.05

Starting config (naive):
  batch_size      : 64
  num_workers     : 2
  prefetch_factor : 1

Loading dataset...
Train   : 1,281,167 images
Val     : 50,000 images
Classes : 1000
Loading alexnet...
Starting adaptive training...
==================================================
GPUMonitor started.
AdaptiveController started.
AdaptiveDataLoader ready.
[AdaptiveDataLoader] Building DataLoader — batch=64 workers=2 prefetch=1
Epoch 1/3 | Step     0 | Loss 6.9083 | Acc 0.00% | GPU 0.0% | batch=64 workers=2 prefetch=1
Epoch 1/3 | Step   100 | Loss 6.9079 | Acc 0.06% | GPU 2.0% | batch=64 workers=2 prefetch=1
Epoch 1/3 | Step   200 | Loss 6.9081 | Acc 0.07% | GPU 0.8% | batch=64 workers=2 prefetch=1
Epoch 1/3 | Step   300 | Loss 6.9079 | Acc 0.10% | GPU 1.6% | batch=64 workers=2 prefetch=1
[Controller] Phase 1 | throughput=92 img/s | GPU=1.2% | batch=64 workers=2
[Controller] Phase 1 workers: 2->4
[AdaptiveDataLoader] Config changed — rebuilding...
[AdaptiveDataLoader] Building DataLoader — batch=64 workers=4 prefetch=1
Epoch 1/3 | Step   400 | Loss 6.9075 | Acc 0.11% | GPU 0.0% | batch=64 workers=4 prefetch=1
Epoch 1/3 | Step   500 | Loss 6.9056 | Acc 0.11% | GPU 2.8% | batch=64 workers=4 prefetch=1
Epoch 1/3 | Step   600 | Loss 6.9032 | Acc 0.12% | GPU 3.0% | batch=64 workers=4 prefetch=1
Epoch 1/3 | Step   700 | Loss 6.9018 | Acc 0.12% | GPU 3.7% | batch=64 workers=4 prefetch=1
Epoch 1/3 | Step   800 | Loss 6.8988 | Acc 0.12% | GPU 2.6% | batch=64 workers=4 prefetch=1
[Controller] Phase 1 | throughput=120 img/s | GPU=3.2% | batch=64 workers=4
[Controller] Improvement: 92 -> 120 img/s (+31.4%)
[Controller] Phase 1 workers: 4->6
[AdaptiveDataLoader] Config changed — rebuilding...
[AdaptiveDataLoader] Building DataLoader — batch=64 workers=6 prefetch=1
Epoch 1/3 | Step   900 | Loss 6.8972 | Acc 0.12% | GPU 3.2% | batch=64 workers=6 prefetch=1
Epoch 1/3 | Step  1000 | Loss 6.8944 | Acc 0.13% | GPU 4.9% | batch=64 workers=6 prefetch=1
Epoch 1/3 | Step  1100 | Loss 6.8911 | Acc 0.13% | GPU 4.2% | batch=64 workers=6 prefetch=1
Epoch 1/3 | Step  1200 | Loss 6.8881 | Acc 0.15% | GPU 2.8% | batch=64 workers=6 prefetch=1
Epoch 1/3 | Step  1300 | Loss 6.8851 | Acc 0.14% | GPU 5.3% | batch=64 workers=6 prefetch=1
Epoch 1/3 | Step  1400 | Loss 6.8817 | Acc 0.15% | GPU 4.7% | batch=64 workers=6 prefetch=1
[Controller] Phase 1 | throughput=241 img/s | GPU=4.6% | batch=64 workers=6
[Controller] Improvement: 120 -> 241 img/s (+100.0%)
[Controller] Phase 1 workers: 6->8
[AdaptiveDataLoader] Config changed — rebuilding...
[AdaptiveDataLoader] Building DataLoader — batch=64 workers=8 prefetch=1
Epoch 1/3 | Step  1500 | Loss 6.8789 | Acc 0.15% | GPU 3.0% | batch=64 workers=8 prefetch=1
Epoch 1/3 | Step  1600 | Loss 6.8750 | Acc 0.16% | GPU 6.8% | batch=64 workers=8 prefetch=1
Epoch 1/3 | Step  1700 | Loss 6.8712 | Acc 0.16% | GPU 6.9% | batch=64 workers=8 prefetch=1
Epoch 1/3 | Step  1800 | Loss 6.8670 | Acc 0.16% | GPU 4.9% | batch=64 workers=8 prefetch=1
Epoch 1/3 | Step  1900 | Loss 6.8628 | Acc 0.16% | GPU 2.6% | batch=64 workers=8 prefetch=1
Epoch 1/3 | Step  2000 | Loss 6.8588 | Acc 0.17% | GPU 6.3% | batch=64 workers=8 prefetch=1
Epoch 1/3 | Step  2100 | Loss 6.8541 | Acc 0.17% | GPU 7.6% | batch=64 workers=8 prefetch=1
Epoch 1/3 | Step  2200 | Loss 6.8502 | Acc 0.17% | GPU 6.5% | batch=64 workers=8 prefetch=1
[Controller] Phase 1 | throughput=360 img/s | GPU=8.5% | batch=64 workers=8
[Controller] Improvement: 241 -> 360 img/s (+49.6%)
[Controller] Phase 1 workers: 8->10
[AdaptiveDataLoader] Config changed — rebuilding...
[AdaptiveDataLoader] Building DataLoader — batch=64 workers=10 prefetch=1
Epoch 1/3 | Step  2300 | Loss 6.8460 | Acc 0.18% | GPU 3.0% | batch=64 workers=10 prefetch=1
Epoch 1/3 | Step  2400 | Loss 6.8410 | Acc 0.19% | GPU 5.6% | batch=64 workers=10 prefetch=1
Epoch 1/3 | Step  2500 | Loss 6.8364 | Acc 0.19% | GPU 7.4% | batch=64 workers=10 prefetch=1
Epoch 1/3 | Step  2600 | Loss 6.8312 | Acc 0.20% | GPU 7.6% | batch=64 workers=10 prefetch=1
Epoch 1/3 | Step  2700 | Loss 6.8260 | Acc 0.21% | GPU 7.1% | batch=64 workers=10 prefetch=1
Epoch 1/3 | Step  2800 | Loss 6.8207 | Acc 0.21% | GPU 7.2% | batch=64 workers=10 prefetch=1
[Controller] Phase 1 | throughput=433 img/s | GPU=6.5% | batch=64 workers=10
[Controller] Improvement: 360 -> 433 img/s (+20.1%)
[Controller] Phase 1 workers: 10->12
[AdaptiveDataLoader] Config changed — rebuilding...
[AdaptiveDataLoader] Building DataLoader — batch=64 workers=12 prefetch=1
Epoch 1/3 | Step  2900 | Loss 6.8160 | Acc 0.21% | GPU 0.8% | batch=64 workers=12 prefetch=1
Epoch 1/3 | Step  3000 | Loss 6.8103 | Acc 0.22% | GPU 6.9% | batch=64 workers=12 prefetch=1
Epoch 1/3 | Step  3100 | Loss 6.8042 | Acc 0.22% | GPU 10.0% | batch=64 workers=12 prefetch=1
Epoch 1/3 | Step  3200 | Loss 6.7986 | Acc 0.23% | GPU 9.6% | batch=64 workers=12 prefetch=1
Epoch 1/3 | Step  3300 | Loss 6.7927 | Acc 0.23% | GPU 9.6% | batch=64 workers=12 prefetch=1
Epoch 1/3 | Step  3400 | Loss 6.7862 | Acc 0.24% | GPU 9.6% | batch=64 workers=12 prefetch=1
Epoch 1/3 | Step  3500 | Loss 6.7802 | Acc 0.25% | GPU 8.1% | batch=64 workers=12 prefetch=1
Epoch 1/3 | Step  3600 | Loss 6.7740 | Acc 0.26% | GPU 8.6% | batch=64 workers=12 prefetch=1
Epoch 1/3 | Step  3700 | Loss 6.7675 | Acc 0.26% | GPU 9.4% | batch=64 workers=12 prefetch=1
Epoch 1/3 | Step  3800 | Loss 6.7617 | Acc 0.27% | GPU 11.4% | batch=64 workers=12 prefetch=1
Epoch 1/3 | Step  3900 | Loss 6.7544 | Acc 0.28% | GPU 9.9% | batch=64 workers=12 prefetch=1
Epoch 1/3 | Step  4000 | Loss 6.7474 | Acc 0.30% | GPU 10.8% | batch=64 workers=12 prefetch=1
[Controller] Phase 1 | throughput=550 img/s | GPU=10.2% | batch=64 workers=12
[Controller] Improvement: 433 -> 550 img/s (+27.0%)
[Controller] Phase 1 workers: 12->14
[AdaptiveDataLoader] Config changed — rebuilding...
[AdaptiveDataLoader] Building DataLoader — batch=64 workers=14 prefetch=1
Epoch 1/3 | Step  4100 | Loss 6.7411 | Acc 0.31% | GPU 1.2% | batch=64 workers=14 prefetch=1
Epoch 1/3 | Step  4200 | Loss 6.7345 | Acc 0.32% | GPU 5.7% | batch=64 workers=14 prefetch=1
Epoch 1/3 | Step  4300 | Loss 6.7268 | Acc 0.33% | GPU 9.2% | batch=64 workers=14 prefetch=1
Epoch 1/3 | Step  4400 | Loss 6.7201 | Acc 0.33% | GPU 11.5% | batch=64 workers=14 prefetch=1
Epoch 1/3 | Step  4500 | Loss 6.7129 | Acc 0.34% | GPU 11.8% | batch=64 workers=14 prefetch=1
Epoch 1/3 | Step  4600 | Loss 6.7055 | Acc 0.35% | GPU 13.8% | batch=64 workers=14 prefetch=1
Epoch 1/3 | Step  4700 | Loss 6.6987 | Acc 0.37% | GPU 13.5% | batch=64 workers=14 prefetch=1
Epoch 1/3 | Step  4800 | Loss 6.6910 | Acc 0.38% | GPU 12.6% | batch=64 workers=14 prefetch=1
Epoch 1/3 | Step  4900 | Loss 6.6837 | Acc 0.39% | GPU 11.8% | batch=64 workers=14 prefetch=1
Epoch 1/3 | Step  5000 | Loss 6.6763 | Acc 0.40% | GPU 14.0% | batch=64 workers=14 prefetch=1
[Controller] Phase 1 | throughput=682 img/s | GPU=15.6% | batch=64 workers=14
[Controller] Improvement: 550 -> 682 img/s (+24.1%)
[Controller] Phase 1 workers: 14->16
[AdaptiveDataLoader] Config changed — rebuilding...
[AdaptiveDataLoader] Building DataLoader — batch=64 workers=16 prefetch=1
Epoch 1/3 | Step  5100 | Loss 6.6691 | Acc 0.41% | GPU 4.6% | batch=64 workers=16 prefetch=1
Epoch 1/3 | Step  5200 | Loss 6.6622 | Acc 0.43% | GPU 9.3% | batch=64 workers=16 prefetch=1
Epoch 1/3 | Step  5300 | Loss 6.6547 | Acc 0.44% | GPU 13.8% | batch=64 workers=16 prefetch=1
Epoch 1/3 | Step  5400 | Loss 6.6475 | Acc 0.45% | GPU 17.8% | batch=64 workers=16 prefetch=1
Epoch 1/3 | Step  5500 | Loss 6.6403 | Acc 0.46% | GPU 16.3% | batch=64 workers=16 prefetch=1
Epoch 1/3 | Step  5600 | Loss 6.6327 | Acc 0.48% | GPU 16.6% | batch=64 workers=16 prefetch=1
Epoch 1/3 | Step  5700 | Loss 6.6254 | Acc 0.50% | GPU 15.1% | batch=64 workers=16 prefetch=1
Epoch 1/3 | Step  5800 | Loss 6.6184 | Acc 0.51% | GPU 10.7% | batch=64 workers=16 prefetch=1
Epoch 1/3 | Step  5900 | Loss 6.6113 | Acc 0.53% | GPU 9.5% | batch=64 workers=16 prefetch=1
Epoch 1/3 | Step  6000 | Loss 6.6041 | Acc 0.54% | GPU 11.0% | batch=64 workers=16 prefetch=1
Epoch 1/3 | Step  6100 | Loss 6.5965 | Acc 0.55% | GPU 9.8% | batch=64 workers=16 prefetch=1
[Controller] Phase 1 | throughput=712 img/s | GPU=9.8% | batch=64 workers=16
[Controller] Improvement: 682 -> 712 img/s (+4.4%)
[Controller] Phase 1 complete — workers=16 at 712 img/s. Moving to phase 2 (batch).
Epoch 1/3 | Step  6200 | Loss 6.5900 | Acc 0.57% | GPU 9.9% | batch=64 workers=16 prefetch=1
Epoch 1/3 | Step  6300 | Loss 6.5824 | Acc 0.58% | GPU 11.1% | batch=64 workers=16 prefetch=1
Epoch 1/3 | Step  6400 | Loss 6.5751 | Acc 0.60% | GPU 15.1% | batch=64 workers=16 prefetch=1
Epoch 1/3 | Step  6500 | Loss 6.5678 | Acc 0.62% | GPU 16.7% | batch=64 workers=16 prefetch=1
Epoch 1/3 | Step  6600 | Loss 6.5607 | Acc 0.63% | GPU 16.5% | batch=64 workers=16 prefetch=1
Epoch 1/3 | Step  6700 | Loss 6.5529 | Acc 0.65% | GPU 13.4% | batch=64 workers=16 prefetch=1
[Controller] Phase 2 | throughput=666 img/s | GPU=11.5% | batch=64 workers=16
[Controller] Phase 2 batch: 64->128
[AdaptiveDataLoader] Config changed — rebuilding...
[AdaptiveDataLoader] Building DataLoader — batch=128 workers=16 prefetch=1
Epoch 1/3 | Step  6800 | Loss 6.5448 | Acc 0.68% | GPU 3.0% | batch=128 workers=16 prefetch=1
Epoch 1/3 | Step  6900 | Loss 6.5365 | Acc 0.73% | GPU 10.9% | batch=128 workers=16 prefetch=1
Epoch 1/3 | Step  7000 | Loss 6.5278 | Acc 0.78% | GPU 17.1% | batch=128 workers=16 prefetch=1
Epoch 1/3 | Step  7100 | Loss 6.5189 | Acc 0.83% | GPU 13.4% | batch=128 workers=16 prefetch=1
[Controller] Phase 2 | throughput=746 img/s | GPU=13.0% | batch=128 workers=16
[Controller] Improvement: 666 -> 746 img/s (+12.1%)
[Controller] Phase 2 batch: 128->192
[AdaptiveDataLoader] Config changed — rebuilding...
[AdaptiveDataLoader] Building DataLoader — batch=192 workers=16 prefetch=1
Epoch 1/3 | Step  7200 | Loss 6.5099 | Acc 0.88% | GPU 0.1% | batch=192 workers=16 prefetch=1
Epoch 1/3 | Step  7300 | Loss 6.5004 | Acc 0.95% | GPU 10.8% | batch=192 workers=16 prefetch=1
Epoch 1/3 | Step  7400 | Loss 6.4904 | Acc 1.03% | GPU 13.2% | batch=192 workers=16 prefetch=1
Epoch 1/3 | Step  7500 | Loss 6.4810 | Acc 1.11% | GPU 13.2% | batch=192 workers=16 prefetch=1
[Controller] Phase 2 | throughput=805 img/s | GPU=12.1% | batch=192 workers=16
[Controller] Improvement: 746 -> 805 img/s (+7.8%)
[Controller] Phase 2 batch: 192->256
[AdaptiveDataLoader] Config changed — rebuilding...
[AdaptiveDataLoader] Building DataLoader — batch=256 workers=16 prefetch=1
Epoch 1/3 | Step  7600 | Loss 6.4709 | Acc 1.20% | GPU 3.6% | batch=256 workers=16 prefetch=1
Epoch 1/3 | Step  7700 | Loss 6.4605 | Acc 1.30% | GPU 13.5% | batch=256 workers=16 prefetch=1
Epoch 1/3 | Step  7800 | Loss 6.4498 | Acc 1.42% | GPU 9.1% | batch=256 workers=16 prefetch=1
[Controller] Phase 2 | throughput=911 img/s | GPU=14.5% | batch=256 workers=16
[Controller] Improvement: 805 -> 911 img/s (+13.3%)
[Controller] Phase 2 batch: 256->320
[AdaptiveDataLoader] Config changed — rebuilding...
[AdaptiveDataLoader] Building DataLoader — batch=320 workers=16 prefetch=1
Epoch 1/3 | Step  7900 | Loss 6.4391 | Acc 1.53% | GPU 5.2% | batch=320 workers=16 prefetch=1
Epoch 1/3 | Step  8000 | Loss 6.4277 | Acc 1.67% | GPU 7.6% | batch=320 workers=16 prefetch=1
Epoch 1/3 | Step  8100 | Loss 6.4163 | Acc 1.81% | GPU 15.3% | batch=320 workers=16 prefetch=1
[Controller] Phase 2 | throughput=853 img/s | GPU=15.3% | batch=320 workers=16
[Controller] Improvement: 911 -> 853 img/s (-6.4%)
[Controller] Phase 2 complete — batch=320 at 853 img/s. Moving to phase 3 (re-tune workers).
Epoch 1/3 | Step  8200 | Loss 6.4049 | Acc 1.95% | GPU 8.0% | batch=320 workers=16 prefetch=1
[Controller] Phase 3 | throughput=896 img/s | GPU=8.6% | batch=320 workers=16
[Controller] CONVERGED
  throughput  : 896 img/s
  final config: batch=320 workers=16
  improvement threshold 3% not met in any phase
Epoch 1/3 | Step  8300 | Loss 6.3934 | Acc 2.09% | GPU 11.9% | batch=320 workers=16 prefetch=1
Epoch 1/3 | Step  8400 | Loss 6.3818 | Acc 2.23% | GPU 11.8% | batch=320 workers=16 prefetch=1
Epoch 1/3 | Step  8500 | Loss 6.3702 | Acc 2.37% | GPU 10.0% | batch=320 workers=16 prefetch=1
Epoch 1/3 | Step  8600 | Loss 6.3583 | Acc 2.51% | GPU 9.5% | batch=320 workers=16 prefetch=1
Epoch 1/3 | Step  8700 | Loss 6.3467 | Acc 2.63% | GPU 10.0% | batch=320 workers=16 prefetch=1
Epoch 1/3 | Step  8800 | Loss 6.3351 | Acc 2.76% | GPU 13.0% | batch=320 workers=16 prefetch=1
Epoch 1/3 | Step  8900 | Loss 6.3232 | Acc 2.89% | GPU 7.5% | batch=320 workers=16 prefetch=1
Epoch 1/3 | Step  9000 | Loss 6.3114 | Acc 3.01% | GPU 10.9% | batch=320 workers=16 prefetch=1
Epoch 1/3 | Step  9100 | Loss 6.2995 | Acc 3.13% | GPU 12.3% | batch=320 workers=16 prefetch=1
Epoch 1/3 | Step  9200 | Loss 6.2876 | Acc 3.25% | GPU 9.8% | batch=320 workers=16 prefetch=1
Epoch 1/3 | Step  9300 | Loss 6.2756 | Acc 3.38% | GPU 4.9% | batch=320 workers=16 prefetch=1
Epoch 1/3 | Step  9400 | Loss 6.2638 | Acc 3.50% | GPU 11.1% | batch=320 workers=16 prefetch=1
Epoch 1/3 | Step  9500 | Loss 6.2520 | Acc 3.61% | GPU 7.3% | batch=320 workers=16 prefetch=1
Epoch 1/3 | Step  9600 | Loss 6.2402 | Acc 3.72% | GPU 8.5% | batch=320 workers=16 prefetch=1
Epoch 1/3 | Step  9700 | Loss 6.2286 | Acc 3.83% | GPU 12.6% | batch=320 workers=16 prefetch=1
Epoch 1/3 | Step  9800 | Loss 6.2170 | Acc 3.95% | GPU 8.9% | batch=320 workers=16 prefetch=1
Epoch 1/3 | Step  9900 | Loss 6.2054 | Acc 4.06% | GPU 4.7% | batch=320 workers=16 prefetch=1
Epoch 1/3 | Step 10000 | Loss 6.1937 | Acc 4.17% | GPU 11.9% | batch=320 workers=16 prefetch=1
Epoch 1/3 | Step 10100 | Loss 6.1823 | Acc 4.28% | GPU 11.4% | batch=320 workers=16 prefetch=1
Epoch 1/3 | Step 10200 | Loss 6.1709 | Acc 4.39% | GPU 11.2% | batch=320 workers=16 prefetch=1
Epoch 1/3 | Step 10300 | Loss 6.1595 | Acc 4.50% | GPU 9.3% | batch=320 workers=16 prefetch=1
Epoch 1/3 | Step 10400 | Loss 6.1479 | Acc 4.61% | GPU 4.3% | batch=320 workers=16 prefetch=1
Epoch 1/3 | Step 10500 | Loss 6.1365 | Acc 4.73% | GPU 12.8% | batch=320 workers=16 prefetch=1
Epoch 1/3 | Step 10600 | Loss 6.1251 | Acc 4.83% | GPU 12.4% | batch=320 workers=16 prefetch=1
Epoch 1/3 | Step 10700 | Loss 6.1138 | Acc 4.94% | GPU 10.3% | batch=320 workers=16 prefetch=1
Epoch 1/3 | Step 10800 | Loss 6.1025 | Acc 5.05% | GPU 7.1% | batch=320 workers=16 prefetch=1
Epoch 1/3 | Step 10900 | Loss 6.0913 | Acc 5.16% | GPU 7.9% | batch=320 workers=16 prefetch=1
Epoch 1/3 | Step 11000 | Loss 6.0803 | Acc 5.26% | GPU 13.2% | batch=320 workers=16 prefetch=1
Epoch 1/3 | Step 11100 | Loss 6.0693 | Acc 5.36% | GPU 10.9% | batch=320 workers=16 prefetch=1
Epoch 1/3 | Step 11200 | Loss 6.0583 | Acc 5.46% | GPU 9.5% | batch=320 workers=16 prefetch=1
Epoch 1/3 | Step 11300 | Loss 6.0475 | Acc 5.56% | GPU 6.0% | batch=320 workers=16 prefetch=1
Epoch 1/3 | Step 11400 | Loss 6.0364 | Acc 5.67% | GPU 10.1% | batch=320 workers=16 prefetch=1
Epoch 1/3 | Step 11500 | Loss 6.0256 | Acc 5.77% | GPU 5.8% | batch=320 workers=16 prefetch=1
Epoch 1/3 | Step 11600 | Loss 6.0149 | Acc 5.87% | GPU 12.1% | batch=320 workers=16 prefetch=1
Epoch 1/3 | Step 11700 | Loss 6.0043 | Acc 5.97% | GPU 8.5% | batch=320 workers=16 prefetch=1
Epoch 1/3 | Step 11800 | Loss 5.9939 | Acc 6.07% | GPU 4.5% | batch=320 workers=16 prefetch=1
  Running validation...
  Val step 0/782
  Val step 50/782
  Val step 100/782
  Val step 150/782
  Val step 200/782
  Val step 250/782
  Val step 300/782
  Val step 350/782
  Val step 400/782
  Val step 450/782
  Val step 500/782
  Val step 550/782
  Val step 600/782
  Val step 650/782
  Val step 700/782
  Val step 750/782
  Val Acc : 15.04%
==================================================
Epoch 1 Summary
  Loss          : 5.9875
  Train Acc     : 6.13%
  Val Acc       : 15.04%
  Throughput    : 428 img/s
  GPU Util      : 8.8%
  Idle Time     : 91.2%
  VRAM Used     : 3865 MB
  VRAM Free     : 78055 MB
  Batch size    : 320
  Workers       : 16
  Prefetch      : 1
  Adjustments   : 11
  Time          : 74.6 min
==================================================
Epoch 2/3 | Step     0 | Loss 4.6530 | Acc 12.50% | GPU 0.0% | batch=320 workers=16 prefetch=1
Epoch 2/3 | Step   100 | Loss 4.6590 | Acc 12.74% | GPU 9.9% | batch=320 workers=16 prefetch=1
Epoch 2/3 | Step   200 | Loss 4.6521 | Acc 12.82% | GPU 14.1% | batch=320 workers=16 prefetch=1
Epoch 2/3 | Step   300 | Loss 4.6435 | Acc 12.90% | GPU 15.8% | batch=320 workers=16 prefetch=1
Epoch 2/3 | Step   400 | Loss 4.6350 | Acc 13.04% | GPU 7.5% | batch=320 workers=16 prefetch=1
Epoch 2/3 | Step   500 | Loss 4.6314 | Acc 13.10% | GPU 12.5% | batch=320 workers=16 prefetch=1
Epoch 2/3 | Step   600 | Loss 4.6234 | Acc 13.19% | GPU 9.8% | batch=320 workers=16 prefetch=1
Epoch 2/3 | Step   700 | Loss 4.6154 | Acc 13.27% | GPU 7.6% | batch=320 workers=16 prefetch=1
Epoch 2/3 | Step   800 | Loss 4.6124 | Acc 13.33% | GPU 9.3% | batch=320 workers=16 prefetch=1
Epoch 2/3 | Step   900 | Loss 4.6053 | Acc 13.39% | GPU 12.1% | batch=320 workers=16 prefetch=1
Epoch 2/3 | Step  1000 | Loss 4.5989 | Acc 13.47% | GPU 7.8% | batch=320 workers=16 prefetch=1
Epoch 2/3 | Step  1100 | Loss 4.5937 | Acc 13.53% | GPU 10.3% | batch=320 workers=16 prefetch=1
Epoch 2/3 | Step  1200 | Loss 4.5879 | Acc 13.58% | GPU 7.3% | batch=320 workers=16 prefetch=1
Epoch 2/3 | Step  1300 | Loss 4.5833 | Acc 13.62% | GPU 14.8% | batch=320 workers=16 prefetch=1
Epoch 2/3 | Step  1400 | Loss 4.5793 | Acc 13.66% | GPU 9.2% | batch=320 workers=16 prefetch=1
Epoch 2/3 | Step  1500 | Loss 4.5734 | Acc 13.72% | GPU 10.3% | batch=320 workers=16 prefetch=1
Epoch 2/3 | Step  1600 | Loss 4.5686 | Acc 13.79% | GPU 12.0% | batch=320 workers=16 prefetch=1
Epoch 2/3 | Step  1700 | Loss 4.5631 | Acc 13.84% | GPU 9.0% | batch=320 workers=16 prefetch=1
Epoch 2/3 | Step  1800 | Loss 4.5580 | Acc 13.90% | GPU 8.1% | batch=320 workers=16 prefetch=1
Epoch 2/3 | Step  1900 | Loss 4.5531 | Acc 13.97% | GPU 7.1% | batch=320 workers=16 prefetch=1
Epoch 2/3 | Step  2000 | Loss 4.5490 | Acc 14.03% | GPU 8.0% | batch=320 workers=16 prefetch=1
Epoch 2/3 | Step  2100 | Loss 4.5453 | Acc 14.09% | GPU 6.2% | batch=320 workers=16 prefetch=1
Epoch 2/3 | Step  2200 | Loss 4.5404 | Acc 14.15% | GPU 11.0% | batch=320 workers=16 prefetch=1
Epoch 2/3 | Step  2300 | Loss 4.5352 | Acc 14.21% | GPU 11.9% | batch=320 workers=16 prefetch=1
Epoch 2/3 | Step  2400 | Loss 4.5309 | Acc 14.26% | GPU 9.0% | batch=320 workers=16 prefetch=1
Epoch 2/3 | Step  2500 | Loss 4.5263 | Acc 14.32% | GPU 12.7% | batch=320 workers=16 prefetch=1
Epoch 2/3 | Step  2600 | Loss 4.5217 | Acc 14.37% | GPU 6.2% | batch=320 workers=16 prefetch=1
Epoch 2/3 | Step  2700 | Loss 4.5173 | Acc 14.42% | GPU 9.6% | batch=320 workers=16 prefetch=1
Epoch 2/3 | Step  2800 | Loss 4.5129 | Acc 14.48% | GPU 15.5% | batch=320 workers=16 prefetch=1
Epoch 2/3 | Step  2900 | Loss 4.5083 | Acc 14.54% | GPU 8.1% | batch=320 workers=16 prefetch=1
Epoch 2/3 | Step  3000 | Loss 4.5036 | Acc 14.60% | GPU 11.4% | batch=320 workers=16 prefetch=1
Epoch 2/3 | Step  3100 | Loss 4.4990 | Acc 14.66% | GPU 8.6% | batch=320 workers=16 prefetch=1
Epoch 2/3 | Step  3200 | Loss 4.4946 | Acc 14.71% | GPU 10.1% | batch=320 workers=16 prefetch=1
Epoch 2/3 | Step  3300 | Loss 4.4900 | Acc 14.77% | GPU 5.2% | batch=320 workers=16 prefetch=1
Epoch 2/3 | Step  3400 | Loss 4.4862 | Acc 14.83% | GPU 16.4% | batch=320 workers=16 prefetch=1
Epoch 2/3 | Step  3500 | Loss 4.4814 | Acc 14.89% | GPU 9.9% | batch=320 workers=16 prefetch=1
Epoch 2/3 | Step  3600 | Loss 4.4771 | Acc 14.94% | GPU 12.6% | batch=320 workers=16 prefetch=1
Epoch 2/3 | Step  3700 | Loss 4.4729 | Acc 15.00% | GPU 9.1% | batch=320 workers=16 prefetch=1
Epoch 2/3 | Step  3800 | Loss 4.4683 | Acc 15.05% | GPU 9.9% | batch=320 workers=16 prefetch=1
Epoch 2/3 | Step  3900 | Loss 4.4638 | Acc 15.11% | GPU 13.3% | batch=320 workers=16 prefetch=1
Epoch 2/3 | Step  4000 | Loss 4.4595 | Acc 15.17% | GPU 7.7% | batch=320 workers=16 prefetch=1
  Running validation...
  Val step 0/782
  Val step 50/782
  Val step 100/782
  Val step 150/782
  Val step 200/782
  Val step 250/782
  Val step 300/782
  Val step 350/782
  Val step 400/782
  Val step 450/782
  Val step 500/782
  Val step 550/782
  Val step 600/782
  Val step 650/782
  Val step 700/782
  Val step 750/782
  Val Acc : 22.33%
==================================================
Epoch 2 Summary
  Loss          : 4.4594
  Train Acc     : 15.17%
  Val Acc       : 22.33%
  Throughput    : 545 img/s
  GPU Util      : 9.8%
  Idle Time     : 90.2%
  VRAM Used     : 5742 MB
  VRAM Free     : 76178 MB
  Batch size    : 320
  Workers       : 16
  Prefetch      : 1
  Adjustments   : 0
  Time          : 39.2 min
==================================================
Epoch 3/3 | Step     0 | Loss 4.3695 | Acc 18.75% | GPU 0.1% | batch=320 workers=16 prefetch=1
Epoch 3/3 | Step   100 | Loss 4.1623 | Acc 19.43% | GPU 11.6% | batch=320 workers=16 prefetch=1
Epoch 3/3 | Step   200 | Loss 4.1391 | Acc 19.53% | GPU 14.8% | batch=320 workers=16 prefetch=1
Epoch 3/3 | Step   300 | Loss 4.1345 | Acc 19.52% | GPU 13.6% | batch=320 workers=16 prefetch=1
Epoch 3/3 | Step   400 | Loss 4.1309 | Acc 19.52% | GPU 11.3% | batch=320 workers=16 prefetch=1
Epoch 3/3 | Step   500 | Loss 4.1242 | Acc 19.59% | GPU 6.4% | batch=320 workers=16 prefetch=1
Epoch 3/3 | Step   600 | Loss 4.1178 | Acc 19.64% | GPU 10.7% | batch=320 workers=16 prefetch=1
Epoch 3/3 | Step   700 | Loss 4.1129 | Acc 19.69% | GPU 11.6% | batch=320 workers=16 prefetch=1
Epoch 3/3 | Step   800 | Loss 4.1096 | Acc 19.75% | GPU 7.7% | batch=320 workers=16 prefetch=1
Epoch 3/3 | Step   900 | Loss 4.1042 | Acc 19.83% | GPU 11.0% | batch=320 workers=16 prefetch=1
Epoch 3/3 | Step  1000 | Loss 4.1012 | Acc 19.84% | GPU 8.8% | batch=320 workers=16 prefetch=1
Epoch 3/3 | Step  1100 | Loss 4.0989 | Acc 19.86% | GPU 11.0% | batch=320 workers=16 prefetch=1
Epoch 3/3 | Step  1200 | Loss 4.0939 | Acc 19.93% | GPU 10.5% | batch=320 workers=16 prefetch=1
Epoch 3/3 | Step  1300 | Loss 4.0901 | Acc 19.97% | GPU 12.1% | batch=320 workers=16 prefetch=1
Epoch 3/3 | Step  1400 | Loss 4.0881 | Acc 19.99% | GPU 6.5% | batch=320 workers=16 prefetch=1
Epoch 3/3 | Step  1500 | Loss 4.0850 | Acc 20.05% | GPU 7.5% | batch=320 workers=16 prefetch=1
Epoch 3/3 | Step  1600 | Loss 4.0827 | Acc 20.08% | GPU 8.7% | batch=320 workers=16 prefetch=1
Epoch 3/3 | Step  1700 | Loss 4.0812 | Acc 20.11% | GPU 9.3% | batch=320 workers=16 prefetch=1
Epoch 3/3 | Step  1800 | Loss 4.0789 | Acc 20.12% | GPU 11.0% | batch=320 workers=16 prefetch=1
Epoch 3/3 | Step  1900 | Loss 4.0764 | Acc 20.15% | GPU 7.9% | batch=320 workers=16 prefetch=1
Epoch 3/3 | Step  2000 | Loss 4.0750 | Acc 20.18% | GPU 7.8% | batch=320 workers=16 prefetch=1
Epoch 3/3 | Step  2100 | Loss 4.0737 | Acc 20.19% | GPU 13.0% | batch=320 workers=16 prefetch=1
Epoch 3/3 | Step  2200 | Loss 4.0713 | Acc 20.21% | GPU 12.1% | batch=320 workers=16 prefetch=1
Epoch 3/3 | Step  2300 | Loss 4.0697 | Acc 20.23% | GPU 7.9% | batch=320 workers=16 prefetch=1
Epoch 3/3 | Step  2400 | Loss 4.0674 | Acc 20.27% | GPU 8.6% | batch=320 workers=16 prefetch=1
Epoch 3/3 | Step  2500 | Loss 4.0661 | Acc 20.29% | GPU 12.9% | batch=320 workers=16 prefetch=1
Epoch 3/3 | Step  2600 | Loss 4.0636 | Acc 20.33% | GPU 8.2% | batch=320 workers=16 prefetch=1
Epoch 3/3 | Step  2700 | Loss 4.0615 | Acc 20.35% | GPU 9.6% | batch=320 workers=16 prefetch=1
Epoch 3/3 | Step  2800 | Loss 4.0591 | Acc 20.39% | GPU 13.8% | batch=320 workers=16 prefetch=1
Epoch 3/3 | Step  2900 | Loss 4.0577 | Acc 20.40% | GPU 12.8% | batch=320 workers=16 prefetch=1
Epoch 3/3 | Step  3000 | Loss 4.0561 | Acc 20.42% | GPU 11.4% | batch=320 workers=16 prefetch=1
Epoch 3/3 | Step  3100 | Loss 4.0537 | Acc 20.46% | GPU 6.9% | batch=320 workers=16 prefetch=1
Epoch 3/3 | Step  3200 | Loss 4.0521 | Acc 20.47% | GPU 10.9% | batch=320 workers=16 prefetch=1
Epoch 3/3 | Step  3300 | Loss 4.0508 | Acc 20.49% | GPU 8.9% | batch=320 workers=16 prefetch=1
Epoch 3/3 | Step  3400 | Loss 4.0493 | Acc 20.51% | GPU 9.6% | batch=320 workers=16 prefetch=1
Epoch 3/3 | Step  3500 | Loss 4.0477 | Acc 20.54% | GPU 10.3% | batch=320 workers=16 prefetch=1
Epoch 3/3 | Step  3600 | Loss 4.0459 | Acc 20.56% | GPU 12.2% | batch=320 workers=16 prefetch=1
Epoch 3/3 | Step  3700 | Loss 4.0439 | Acc 20.58% | GPU 11.0% | batch=320 workers=16 prefetch=1
Epoch 3/3 | Step  3800 | Loss 4.0418 | Acc 20.62% | GPU 13.1% | batch=320 workers=16 prefetch=1
Epoch 3/3 | Step  3900 | Loss 4.0403 | Acc 20.64% | GPU 8.3% | batch=320 workers=16 prefetch=1
Epoch 3/3 | Step  4000 | Loss 4.0390 | Acc 20.66% | GPU 10.3% | batch=320 workers=16 prefetch=1
  Running validation...
  Val step 0/782
  Val step 50/782
  Val step 100/782
  Val step 150/782
  Val step 200/782
  Val step 250/782
  Val step 300/782
  Val step 350/782
  Val step 400/782
  Val step 450/782
  Val step 500/782
  Val step 550/782
  Val step 600/782
  Val step 650/782
  Val step 700/782
  Val step 750/782
  Val Acc : 27.39%
==================================================
Epoch 3 Summary
  Loss          : 4.0390
  Train Acc     : 20.66%
  Val Acc       : 27.39%
  Throughput    : 548 img/s
  GPU Util      : 9.9%
  Idle Time     : 90.1%
  VRAM Used     : 5742 MB
  VRAM Free     : 76178 MB
  Batch size    : 320
  Workers       : 16
  Prefetch      : 1
  Adjustments   : 0
  Time          : 39.0 min
==================================================
AdaptiveController stopped.
GPUMonitor stopped.

All adjustments made during training:
  [10:26:51] Phase 1 workers: 2->4 (GPU 1.2% | VRAM free 96.7%)
  [10:29:51] Phase 1 workers: 4->6 (GPU 3.2% | VRAM free 96.7%)
  [10:32:51] Phase 1 workers: 6->8 (GPU 4.6% | VRAM free 96.7%)
  [10:35:51] Phase 1 workers: 8->10 (GPU 8.5% | VRAM free 96.7%)
  [10:38:51] Phase 1 workers: 10->12 (GPU 6.5% | VRAM free 96.7%)
  [10:41:51] Phase 1 workers: 12->14 (GPU 10.2% | VRAM free 96.7%)
  [10:44:51] Phase 1 workers: 14->16 (GPU 15.6% | VRAM free 96.7%)
  [10:48:51] Phase 2 batch: 64->128 (GPU 11.5% | VRAM free 96.7%)
  [10:51:51] Phase 2 batch: 128->192 (GPU 13.0% | VRAM free 95.8%)
  [10:54:51] Phase 2 batch: 192->256 (GPU 12.1% | VRAM free 94.9%)
  [10:57:51] Phase 2 batch: 256->320 (GPU 14.5% | VRAM free 94.0%)

Done. Results saved → logs/adaptive_alexnet_metrics.csv
Job finished : Sun 24 May 12:54:53 WEST 2026
