Job started  : Wed 20 May 21:51:01 WEST 2026
Node         : gnx523
[1] Loading Python module...
[2] Python loaded
[3] Loading PyTorch module...
[4] PyTorch loaded
[5] Activating venv...
[6] venv activated
[7] Changing directory...
[8] Starting Python...
[import] sys, os OK
[import] time, csv, pathlib OK
[import] torch OK
[import] torch.nn OK
[import] torchvision.models OK
[import] torchvision, DataLoader OK
[import] Config OK
[import] AdaptiveDataLoader OK
[import] all imports done
Device  : cuda
GPU     : NVIDIA A100-SXM4-80GB
VRAM    : 79.1 GB
Model   : alexnet
Epochs  : 3
LR      : 0.05

Starting config (naive):
  batch_size      : 64
  num_workers     : 2
  prefetch_factor : 1

Loading dataset...
Train   : 1,281,167 images
Val     : 50,000 images
Classes : 1000
Loading alexnet...
Starting adaptive training...
==================================================
GPUMonitor started.
AdaptiveController started.
AdaptiveDataLoader ready.
[AdaptiveDataLoader] Building DataLoader — batch=64 workers=2 prefetch=1
Epoch 1/3 | Step     0 | Loss 6.9085 | Acc 1.56% | GPU 0.0% | batch=64 workers=2 prefetch=1
Epoch 1/3 | Step   100 | Loss 6.9083 | Acc 0.03% | GPU 1.9% | batch=64 workers=2 prefetch=1
Epoch 1/3 | Step   200 | Loss 6.9081 | Acc 0.06% | GPU 1.5% | batch=64 workers=2 prefetch=1
Epoch 1/3 | Step   300 | Loss 6.9083 | Acc 0.07% | GPU 2.2% | batch=64 workers=2 prefetch=1
[Controller] Phase 1 | throughput=96 img/s | GPU=2.2% | batch=64 workers=2
[Controller] Phase 1 workers: 2->4
[AdaptiveDataLoader] Config changed — rebuilding...
[AdaptiveDataLoader] Building DataLoader — batch=64 workers=4 prefetch=1
Epoch 1/3 | Step   400 | Loss 6.9084 | Acc 0.07% | GPU 3.0% | batch=64 workers=4 prefetch=1
Epoch 1/3 | Step   500 | Loss 6.9075 | Acc 0.08% | GPU 2.5% | batch=64 workers=4 prefetch=1
Epoch 1/3 | Step   600 | Loss 6.9076 | Acc 0.08% | GPU 4.3% | batch=64 workers=4 prefetch=1
[Controller] Phase 1 | throughput=177 img/s | GPU=3.5% | batch=64 workers=4
[Controller] Improvement: 96 -> 177 img/s (+84.5%)
[Controller] Phase 1 workers: 4->6
[AdaptiveDataLoader] Config changed — rebuilding...
[AdaptiveDataLoader] Building DataLoader — batch=64 workers=6 prefetch=1
Epoch 1/3 | Step   700 | Loss 6.9065 | Acc 0.11% | GPU 1.6% | batch=64 workers=6 prefetch=1
Epoch 1/3 | Step   800 | Loss 6.9048 | Acc 0.13% | GPU 4.6% | batch=64 workers=6 prefetch=1
Epoch 1/3 | Step   900 | Loss 6.9028 | Acc 0.14% | GPU 3.2% | batch=64 workers=6 prefetch=1
Epoch 1/3 | Step  1000 | Loss 6.8994 | Acc 0.13% | GPU 6.4% | batch=64 workers=6 prefetch=1
[Controller] Phase 1 | throughput=258 img/s | GPU=6.3% | batch=64 workers=6
[Controller] Improvement: 177 -> 258 img/s (+45.8%)
[Controller] Phase 1 workers: 6->8
[AdaptiveDataLoader] Config changed — rebuilding...
[AdaptiveDataLoader] Building DataLoader — batch=64 workers=8 prefetch=1
Epoch 1/3 | Step  1100 | Loss 6.8967 | Acc 0.14% | GPU 2.8% | batch=64 workers=8 prefetch=1
Epoch 1/3 | Step  1200 | Loss 6.8939 | Acc 0.14% | GPU 7.1% | batch=64 workers=8 prefetch=1
Epoch 1/3 | Step  1300 | Loss 6.8907 | Acc 0.14% | GPU 5.9% | batch=64 workers=8 prefetch=1
Epoch 1/3 | Step  1400 | Loss 6.8876 | Acc 0.15% | GPU 3.1% | batch=64 workers=8 prefetch=1
[Controller] Phase 1 | throughput=318 img/s | GPU=3.8% | batch=64 workers=8
[Controller] Improvement: 258 -> 318 img/s (+23.1%)
[Controller] Phase 1 workers: 8->10
[AdaptiveDataLoader] Config changed — rebuilding...
[AdaptiveDataLoader] Building DataLoader — batch=64 workers=10 prefetch=1
Epoch 1/3 | Step  1500 | Loss 6.8851 | Acc 0.16% | GPU 0.4% | batch=64 workers=10 prefetch=1
Epoch 1/3 | Step  1600 | Loss 6.8820 | Acc 0.16% | GPU 4.3% | batch=64 workers=10 prefetch=1
Epoch 1/3 | Step  1700 | Loss 6.8790 | Acc 0.17% | GPU 6.8% | batch=64 workers=10 prefetch=1
Epoch 1/3 | Step  1800 | Loss 6.8765 | Acc 0.16% | GPU 6.3% | batch=64 workers=10 prefetch=1
Epoch 1/3 | Step  1900 | Loss 6.8736 | Acc 0.17% | GPU 6.6% | batch=64 workers=10 prefetch=1
Epoch 1/3 | Step  2000 | Loss 6.8708 | Acc 0.17% | GPU 6.4% | batch=64 workers=10 prefetch=1
[Controller] Phase 1 | throughput=431 img/s | GPU=6.6% | batch=64 workers=10
[Controller] Improvement: 318 -> 431 img/s (+35.5%)
[Controller] Phase 1 workers: 10->12
[AdaptiveDataLoader] Config changed — rebuilding...
[AdaptiveDataLoader] Building DataLoader — batch=64 workers=12 prefetch=1
Epoch 1/3 | Step  2100 | Loss 6.8677 | Acc 0.18% | GPU 2.5% | batch=64 workers=12 prefetch=1
Epoch 1/3 | Step  2200 | Loss 6.8645 | Acc 0.18% | GPU 4.4% | batch=64 workers=12 prefetch=1
Epoch 1/3 | Step  2300 | Loss 6.8614 | Acc 0.19% | GPU 9.0% | batch=64 workers=12 prefetch=1
Epoch 1/3 | Step  2400 | Loss 6.8579 | Acc 0.19% | GPU 8.4% | batch=64 workers=12 prefetch=1
Epoch 1/3 | Step  2500 | Loss 6.8548 | Acc 0.19% | GPU 5.2% | batch=64 workers=12 prefetch=1
Epoch 1/3 | Step  2600 | Loss 6.8517 | Acc 0.19% | GPU 6.1% | batch=64 workers=12 prefetch=1
[Controller] Phase 1 | throughput=510 img/s | GPU=6.2% | batch=64 workers=12
[Controller] Improvement: 431 -> 510 img/s (+18.4%)
[Controller] Phase 1 workers: 12->14
[AdaptiveDataLoader] Config changed — rebuilding...
[AdaptiveDataLoader] Building DataLoader — batch=64 workers=14 prefetch=1
Epoch 1/3 | Step  2700 | Loss 6.8488 | Acc 0.20% | GPU 2.8% | batch=64 workers=14 prefetch=1
Epoch 1/3 | Step  2800 | Loss 6.8458 | Acc 0.20% | GPU 7.4% | batch=64 workers=14 prefetch=1
Epoch 1/3 | Step  2900 | Loss 6.8431 | Acc 0.20% | GPU 9.7% | batch=64 workers=14 prefetch=1
Epoch 1/3 | Step  3000 | Loss 6.8402 | Acc 0.20% | GPU 11.8% | batch=64 workers=14 prefetch=1
Epoch 1/3 | Step  3100 | Loss 6.8369 | Acc 0.21% | GPU 10.3% | batch=64 workers=14 prefetch=1
Epoch 1/3 | Step  3200 | Loss 6.8333 | Acc 0.21% | GPU 9.9% | batch=64 workers=14 prefetch=1
Epoch 1/3 | Step  3300 | Loss 6.8301 | Acc 0.21% | GPU 8.7% | batch=64 workers=14 prefetch=1
[Controller] Phase 1 | throughput=687 img/s | GPU=10.0% | batch=64 workers=14
[Controller] Improvement: 510 -> 687 img/s (+34.7%)
[Controller] Phase 1 workers: 14->16
[AdaptiveDataLoader] Config changed — rebuilding...
[AdaptiveDataLoader] Building DataLoader — batch=64 workers=16 prefetch=1
Epoch 1/3 | Step  3400 | Loss 6.8268 | Acc 0.21% | GPU 0.0% | batch=64 workers=16 prefetch=1
Epoch 1/3 | Step  3500 | Loss 6.8232 | Acc 0.22% | GPU 3.1% | batch=64 workers=16 prefetch=1
Epoch 1/3 | Step  3600 | Loss 6.8193 | Acc 0.22% | GPU 9.0% | batch=64 workers=16 prefetch=1
Epoch 1/3 | Step  3700 | Loss 6.8159 | Acc 0.22% | GPU 13.3% | batch=64 workers=16 prefetch=1
Epoch 1/3 | Step  3800 | Loss 6.8119 | Acc 0.23% | GPU 16.5% | batch=64 workers=16 prefetch=1
Epoch 1/3 | Step  3900 | Loss 6.8076 | Acc 0.23% | GPU 17.2% | batch=64 workers=16 prefetch=1
Epoch 1/3 | Step  4000 | Loss 6.8039 | Acc 0.24% | GPU 16.3% | batch=64 workers=16 prefetch=1
Epoch 1/3 | Step  4100 | Loss 6.7997 | Acc 0.24% | GPU 16.4% | batch=64 workers=16 prefetch=1
Epoch 1/3 | Step  4200 | Loss 6.7959 | Acc 0.25% | GPU 16.6% | batch=64 workers=16 prefetch=1
[Controller] Phase 1 | throughput=891 img/s | GPU=15.6% | batch=64 workers=16
[Controller] Improvement: 687 -> 891 img/s (+29.8%)
[Controller] Phase 1 complete — workers=16 at 891 img/s. Moving to phase 2 (batch).
Epoch 1/3 | Step  4300 | Loss 6.7922 | Acc 0.25% | GPU 18.1% | batch=64 workers=16 prefetch=1
Epoch 1/3 | Step  4400 | Loss 6.7879 | Acc 0.26% | GPU 18.7% | batch=64 workers=16 prefetch=1
Epoch 1/3 | Step  4500 | Loss 6.7841 | Acc 0.27% | GPU 17.1% | batch=64 workers=16 prefetch=1
Epoch 1/3 | Step  4600 | Loss 6.7798 | Acc 0.27% | GPU 14.0% | batch=64 workers=16 prefetch=1
Epoch 1/3 | Step  4700 | Loss 6.7757 | Acc 0.28% | GPU 13.4% | batch=64 workers=16 prefetch=1
Epoch 1/3 | Step  4800 | Loss 6.7716 | Acc 0.28% | GPU 14.3% | batch=64 workers=16 prefetch=1
Epoch 1/3 | Step  4900 | Loss 6.7678 | Acc 0.29% | GPU 14.1% | batch=64 workers=16 prefetch=1
Epoch 1/3 | Step  5000 | Loss 6.7640 | Acc 0.29% | GPU 16.3% | batch=64 workers=16 prefetch=1
Epoch 1/3 | Step  5100 | Loss 6.7595 | Acc 0.30% | GPU 17.2% | batch=64 workers=16 prefetch=1
[Controller] Phase 2 | throughput=921 img/s | GPU=17.0% | batch=64 workers=16
[Controller] Improvement: 891 -> 921 img/s (+3.3%)
[Controller] Phase 2 batch: 64->128
[AdaptiveDataLoader] Config changed — rebuilding...
[AdaptiveDataLoader] Building DataLoader — batch=128 workers=16 prefetch=1
Epoch 1/3 | Step  5200 | Loss 6.7546 | Acc 0.31% | GPU 3.7% | batch=128 workers=16 prefetch=1
Epoch 1/3 | Step  5300 | Loss 6.7491 | Acc 0.33% | GPU 12.7% | batch=128 workers=16 prefetch=1
Epoch 1/3 | Step  5400 | Loss 6.7435 | Acc 0.35% | GPU 16.6% | batch=128 workers=16 prefetch=1
Epoch 1/3 | Step  5500 | Loss 6.7378 | Acc 0.36% | GPU 13.5% | batch=128 workers=16 prefetch=1
[Controller] Phase 2 | throughput=968 img/s | GPU=16.7% | batch=128 workers=16
[Controller] Improvement: 921 -> 968 img/s (+5.1%)
[Controller] Phase 2 batch: 128->192
[AdaptiveDataLoader] Config changed — rebuilding...
[AdaptiveDataLoader] Building DataLoader — batch=192 workers=16 prefetch=1
Epoch 1/3 | Step  5600 | Loss 6.7319 | Acc 0.38% | GPU 0.6% | batch=192 workers=16 prefetch=1
Epoch 1/3 | Step  5700 | Loss 6.7251 | Acc 0.41% | GPU 10.3% | batch=192 workers=16 prefetch=1
Epoch 1/3 | Step  5800 | Loss 6.7178 | Acc 0.44% | GPU 17.6% | batch=192 workers=16 prefetch=1
Epoch 1/3 | Step  5900 | Loss 6.7101 | Acc 0.48% | GPU 21.0% | batch=192 workers=16 prefetch=1
[Controller] Phase 2 | throughput=1017 img/s | GPU=21.5% | batch=192 workers=16
[Controller] Improvement: 968 -> 1017 img/s (+5.1%)
[Controller] Phase 2 batch: 192->256
[AdaptiveDataLoader] Config changed — rebuilding...
[AdaptiveDataLoader] Building DataLoader — batch=256 workers=16 prefetch=1
Epoch 1/3 | Step  6000 | Loss 6.7017 | Acc 0.52% | GPU 11.3% | batch=256 workers=16 prefetch=1
Epoch 1/3 | Step  6100 | Loss 6.6931 | Acc 0.58% | GPU 5.8% | batch=256 workers=16 prefetch=1
[Controller] Phase 2 | throughput=904 img/s | GPU=7.0% | batch=256 workers=16
[Controller] Improvement: 1017 -> 904 img/s (-11.1%)
[Controller] Phase 2 complete — batch=256 at 904 img/s. Moving to phase 3 (re-tune workers).
Epoch 1/3 | Step  6200 | Loss 6.6843 | Acc 0.63% | GPU 9.9% | batch=256 workers=16 prefetch=1
Epoch 1/3 | Step  6300 | Loss 6.6748 | Acc 0.68% | GPU 12.0% | batch=256 workers=16 prefetch=1
[Controller] Phase 3 | throughput=930 img/s | GPU=12.3% | batch=256 workers=16
[Controller] Improvement: 904 -> 930 img/s (+2.8%)
[Controller] CONVERGED
  throughput  : 930 img/s
  final config: batch=256 workers=16
  improvement threshold 3% not met in any phase
Epoch 1/3 | Step  6400 | Loss 6.6654 | Acc 0.74% | GPU 15.7% | batch=256 workers=16 prefetch=1
Epoch 1/3 | Step  6500 | Loss 6.6554 | Acc 0.79% | GPU 9.9% | batch=256 workers=16 prefetch=1
Epoch 1/3 | Step  6600 | Loss 6.6454 | Acc 0.85% | GPU 14.1% | batch=256 workers=16 prefetch=1
Epoch 1/3 | Step  6700 | Loss 6.6352 | Acc 0.90% | GPU 12.8% | batch=256 workers=16 prefetch=1
Epoch 1/3 | Step  6800 | Loss 6.6250 | Acc 0.96% | GPU 11.8% | batch=256 workers=16 prefetch=1
Epoch 1/3 | Step  6900 | Loss 6.6146 | Acc 1.02% | GPU 13.6% | batch=256 workers=16 prefetch=1
Epoch 1/3 | Step  7000 | Loss 6.6037 | Acc 1.08% | GPU 11.8% | batch=256 workers=16 prefetch=1
Epoch 1/3 | Step  7100 | Loss 6.5934 | Acc 1.14% | GPU 14.3% | batch=256 workers=16 prefetch=1
Epoch 1/3 | Step  7200 | Loss 6.5829 | Acc 1.20% | GPU 11.7% | batch=256 workers=16 prefetch=1
Epoch 1/3 | Step  7300 | Loss 6.5721 | Acc 1.26% | GPU 17.5% | batch=256 workers=16 prefetch=1
Epoch 1/3 | Step  7400 | Loss 6.5614 | Acc 1.32% | GPU 11.7% | batch=256 workers=16 prefetch=1
Epoch 1/3 | Step  7500 | Loss 6.5505 | Acc 1.39% | GPU 13.4% | batch=256 workers=16 prefetch=1
Epoch 1/3 | Step  7600 | Loss 6.5400 | Acc 1.45% | GPU 13.5% | batch=256 workers=16 prefetch=1
Epoch 1/3 | Step  7700 | Loss 6.5292 | Acc 1.50% | GPU 14.9% | batch=256 workers=16 prefetch=1
Epoch 1/3 | Step  7800 | Loss 6.5184 | Acc 1.57% | GPU 12.0% | batch=256 workers=16 prefetch=1
Epoch 1/3 | Step  7900 | Loss 6.5078 | Acc 1.63% | GPU 13.4% | batch=256 workers=16 prefetch=1
Epoch 1/3 | Step  8000 | Loss 6.4973 | Acc 1.70% | GPU 8.8% | batch=256 workers=16 prefetch=1
Epoch 1/3 | Step  8100 | Loss 6.4868 | Acc 1.76% | GPU 11.7% | batch=256 workers=16 prefetch=1
Epoch 1/3 | Step  8200 | Loss 6.4761 | Acc 1.82% | GPU 16.6% | batch=256 workers=16 prefetch=1
Epoch 1/3 | Step  8300 | Loss 6.4656 | Acc 1.88% | GPU 11.6% | batch=256 workers=16 prefetch=1
Epoch 1/3 | Step  8400 | Loss 6.4552 | Acc 1.94% | GPU 17.0% | batch=256 workers=16 prefetch=1
Epoch 1/3 | Step  8500 | Loss 6.4451 | Acc 2.00% | GPU 14.6% | batch=256 workers=16 prefetch=1
Epoch 1/3 | Step  8600 | Loss 6.4347 | Acc 2.06% | GPU 12.2% | batch=256 workers=16 prefetch=1
Epoch 1/3 | Step  8700 | Loss 6.4245 | Acc 2.13% | GPU 13.5% | batch=256 workers=16 prefetch=1
Epoch 1/3 | Step  8800 | Loss 6.4143 | Acc 2.19% | GPU 12.7% | batch=256 workers=16 prefetch=1
Epoch 1/3 | Step  8900 | Loss 6.4041 | Acc 2.25% | GPU 10.2% | batch=256 workers=16 prefetch=1
Epoch 1/3 | Step  9000 | Loss 6.3940 | Acc 2.31% | GPU 11.2% | batch=256 workers=16 prefetch=1
Epoch 1/3 | Step  9100 | Loss 6.3841 | Acc 2.38% | GPU 8.6% | batch=256 workers=16 prefetch=1
Epoch 1/3 | Step  9200 | Loss 6.3744 | Acc 2.43% | GPU 10.7% | batch=256 workers=16 prefetch=1
Epoch 1/3 | Step  9300 | Loss 6.3647 | Acc 2.49% | GPU 12.2% | batch=256 workers=16 prefetch=1
Epoch 1/3 | Step  9400 | Loss 6.3550 | Acc 2.55% | GPU 10.1% | batch=256 workers=16 prefetch=1
Epoch 1/3 | Step  9500 | Loss 6.3452 | Acc 2.61% | GPU 12.0% | batch=256 workers=16 prefetch=1
Epoch 1/3 | Step  9600 | Loss 6.3359 | Acc 2.66% | GPU 10.3% | batch=256 workers=16 prefetch=1
Epoch 1/3 | Step  9700 | Loss 6.3266 | Acc 2.72% | GPU 12.6% | batch=256 workers=16 prefetch=1
Epoch 1/3 | Step  9800 | Loss 6.3173 | Acc 2.77% | GPU 7.0% | batch=256 workers=16 prefetch=1
Epoch 1/3 | Step  9900 | Loss 6.3082 | Acc 2.82% | GPU 7.9% | batch=256 workers=16 prefetch=1
Epoch 1/3 | Step 10000 | Loss 6.2991 | Acc 2.88% | GPU 4.9% | batch=256 workers=16 prefetch=1
Epoch 1/3 | Step 10100 | Loss 6.2901 | Acc 2.93% | GPU 13.3% | batch=256 workers=16 prefetch=1
Epoch 1/3 | Step 10200 | Loss 6.2813 | Acc 2.98% | GPU 8.5% | batch=256 workers=16 prefetch=1
Epoch 1/3 | Step 10300 | Loss 6.2726 | Acc 3.04% | GPU 8.3% | batch=256 workers=16 prefetch=1
Epoch 1/3 | Step 10400 | Loss 6.2635 | Acc 3.09% | GPU 10.2% | batch=256 workers=16 prefetch=1
Epoch 1/3 | Step 10500 | Loss 6.2548 | Acc 3.14% | GPU 7.1% | batch=256 workers=16 prefetch=1
Epoch 1/3 | Step 10600 | Loss 6.2462 | Acc 3.19% | GPU 8.8% | batch=256 workers=16 prefetch=1
Epoch 1/3 | Step 10700 | Loss 6.2378 | Acc 3.24% | GPU 5.9% | batch=256 workers=16 prefetch=1
Epoch 1/3 | Step 10800 | Loss 6.2295 | Acc 3.29% | GPU 7.8% | batch=256 workers=16 prefetch=1
Epoch 1/3 | Step 10900 | Loss 6.2210 | Acc 3.34% | GPU 11.0% | batch=256 workers=16 prefetch=1
  Running validation...
  Val step 0/782
  Val step 50/782
  Val step 100/782
  Val step 150/782
  Val step 200/782
  Val step 250/782
  Val step 300/782
  Val step 350/782
  Val step 400/782
  Val step 450/782
  Val step 500/782
  Val step 550/782
  Val step 600/782
  Val step 650/782
  Val step 700/782
  Val step 750/782
  Val Acc : 9.41%
==================================================
Epoch 1 Summary
  Loss          : 6.2194
  Train Acc     : 3.35%
  Val Acc       : 9.41%
  Throughput    : 439 img/s
  GPU Util      : 0.2%
  VRAM          : 4888MB
  Idle Time     : 99.8%
  VRAM Used     : 4888 MB
  Batch size    : 256
  Workers       : 16
  Prefetch      : 1
  Adjustments   : 10
  Time          : 65.7 min
==================================================
Epoch 2/3 | Step     0 | Loss 5.2230 | Acc 8.98% | GPU 0.0% | batch=256 workers=16 prefetch=1
Epoch 2/3 | Step   100 | Loss 5.2424 | Acc 7.50% | GPU 14.7% | batch=256 workers=16 prefetch=1
Epoch 2/3 | Step   200 | Loss 5.2196 | Acc 7.65% | GPU 19.9% | batch=256 workers=16 prefetch=1
Epoch 2/3 | Step   300 | Loss 5.2137 | Acc 7.58% | GPU 22.4% | batch=256 workers=16 prefetch=1
Epoch 2/3 | Step   400 | Loss 5.2049 | Acc 7.67% | GPU 18.9% | batch=256 workers=16 prefetch=1
Epoch 2/3 | Step   500 | Loss 5.1959 | Acc 7.71% | GPU 15.3% | batch=256 workers=16 prefetch=1
Epoch 2/3 | Step   600 | Loss 5.1865 | Acc 7.77% | GPU 17.0% | batch=256 workers=16 prefetch=1
Epoch 2/3 | Step   700 | Loss 5.1779 | Acc 7.84% | GPU 16.9% | batch=256 workers=16 prefetch=1
Epoch 2/3 | Step   800 | Loss 5.1717 | Acc 7.86% | GPU 12.6% | batch=256 workers=16 prefetch=1
Epoch 2/3 | Step   900 | Loss 5.1637 | Acc 7.96% | GPU 10.4% | batch=256 workers=16 prefetch=1
Epoch 2/3 | Step  1000 | Loss 5.1584 | Acc 8.01% | GPU 11.1% | batch=256 workers=16 prefetch=1
Epoch 2/3 | Step  1100 | Loss 5.1524 | Acc 8.07% | GPU 11.4% | batch=256 workers=16 prefetch=1
Epoch 2/3 | Step  1200 | Loss 5.1479 | Acc 8.13% | GPU 13.7% | batch=256 workers=16 prefetch=1
Epoch 2/3 | Step  1300 | Loss 5.1426 | Acc 8.19% | GPU 15.0% | batch=256 workers=16 prefetch=1
Epoch 2/3 | Step  1400 | Loss 5.1404 | Acc 8.24% | GPU 19.0% | batch=256 workers=16 prefetch=1
Epoch 2/3 | Step  1500 | Loss 5.1363 | Acc 8.27% | GPU 16.1% | batch=256 workers=16 prefetch=1
Epoch 2/3 | Step  1600 | Loss 5.1317 | Acc 8.29% | GPU 17.9% | batch=256 workers=16 prefetch=1
Epoch 2/3 | Step  1700 | Loss 5.1277 | Acc 8.32% | GPU 15.7% | batch=256 workers=16 prefetch=1
Epoch 2/3 | Step  1800 | Loss 5.1237 | Acc 8.35% | GPU 16.0% | batch=256 workers=16 prefetch=1
Epoch 2/3 | Step  1900 | Loss 5.1192 | Acc 8.39% | GPU 12.7% | batch=256 workers=16 prefetch=1
Epoch 2/3 | Step  2000 | Loss 5.1161 | Acc 8.43% | GPU 5.5% | batch=256 workers=16 prefetch=1
Epoch 2/3 | Step  2100 | Loss 5.1126 | Acc 8.46% | GPU 10.9% | batch=256 workers=16 prefetch=1
Epoch 2/3 | Step  2200 | Loss 5.1107 | Acc 8.49% | GPU 10.2% | batch=256 workers=16 prefetch=1
Epoch 2/3 | Step  2300 | Loss 5.1072 | Acc 8.52% | GPU 9.1% | batch=256 workers=16 prefetch=1
Epoch 2/3 | Step  2400 | Loss 5.1040 | Acc 8.55% | GPU 11.6% | batch=256 workers=16 prefetch=1
Epoch 2/3 | Step  2500 | Loss 5.1011 | Acc 8.58% | GPU 13.8% | batch=256 workers=16 prefetch=1
Epoch 2/3 | Step  2600 | Loss 5.0981 | Acc 8.62% | GPU 15.8% | batch=256 workers=16 prefetch=1
Epoch 2/3 | Step  2700 | Loss 5.0948 | Acc 8.65% | GPU 6.1% | batch=256 workers=16 prefetch=1
Epoch 2/3 | Step  2800 | Loss 5.0925 | Acc 8.68% | GPU 7.2% | batch=256 workers=16 prefetch=1
Epoch 2/3 | Step  2900 | Loss 5.0893 | Acc 8.72% | GPU 7.3% | batch=256 workers=16 prefetch=1
Epoch 2/3 | Step  3000 | Loss 5.0869 | Acc 8.75% | GPU 9.0% | batch=256 workers=16 prefetch=1
Epoch 2/3 | Step  3100 | Loss 5.0838 | Acc 8.78% | GPU 8.4% | batch=256 workers=16 prefetch=1
Epoch 2/3 | Step  3200 | Loss 5.0813 | Acc 8.81% | GPU 7.3% | batch=256 workers=16 prefetch=1
Epoch 2/3 | Step  3300 | Loss 5.0794 | Acc 8.83% | GPU 17.0% | batch=256 workers=16 prefetch=1
Epoch 2/3 | Step  3400 | Loss 5.0768 | Acc 8.86% | GPU 13.6% | batch=256 workers=16 prefetch=1
Epoch 2/3 | Step  3500 | Loss 5.0745 | Acc 8.88% | GPU 7.2% | batch=256 workers=16 prefetch=1
Epoch 2/3 | Step  3600 | Loss 5.0717 | Acc 8.90% | GPU 12.4% | batch=256 workers=16 prefetch=1
Epoch 2/3 | Step  3700 | Loss 5.0691 | Acc 8.92% | GPU 7.8% | batch=256 workers=16 prefetch=1
Epoch 2/3 | Step  3800 | Loss 5.0663 | Acc 8.95% | GPU 9.0% | batch=256 workers=16 prefetch=1
Epoch 2/3 | Step  3900 | Loss 5.0641 | Acc 8.97% | GPU 7.8% | batch=256 workers=16 prefetch=1
Epoch 2/3 | Step  4000 | Loss 5.0615 | Acc 8.99% | GPU 10.3% | batch=256 workers=16 prefetch=1
Epoch 2/3 | Step  4100 | Loss 5.0585 | Acc 9.01% | GPU 7.7% | batch=256 workers=16 prefetch=1
Epoch 2/3 | Step  4200 | Loss 5.0553 | Acc 9.05% | GPU 11.7% | batch=256 workers=16 prefetch=1
Epoch 2/3 | Step  4300 | Loss 5.0523 | Acc 9.07% | GPU 9.4% | batch=256 workers=16 prefetch=1
Epoch 2/3 | Step  4400 | Loss 5.0495 | Acc 9.10% | GPU 10.5% | batch=256 workers=16 prefetch=1
Epoch 2/3 | Step  4500 | Loss 5.0471 | Acc 9.13% | GPU 15.9% | batch=256 workers=16 prefetch=1
Epoch 2/3 | Step  4600 | Loss 5.0449 | Acc 9.15% | GPU 10.7% | batch=256 workers=16 prefetch=1
Epoch 2/3 | Step  4700 | Loss 5.0428 | Acc 9.17% | GPU 14.3% | batch=256 workers=16 prefetch=1
Epoch 2/3 | Step  4800 | Loss 5.0407 | Acc 9.19% | GPU 12.4% | batch=256 workers=16 prefetch=1
Epoch 2/3 | Step  4900 | Loss 5.0387 | Acc 9.20% | GPU 10.1% | batch=256 workers=16 prefetch=1
Epoch 2/3 | Step  5000 | Loss 5.0366 | Acc 9.22% | GPU 8.6% | batch=256 workers=16 prefetch=1
  Running validation...
  Val step 0/782
  Val step 50/782
  Val step 100/782
  Val step 150/782
  Val step 200/782
  Val step 250/782
  Val step 300/782
  Val step 350/782
  Val step 400/782
  Val step 450/782
  Val step 500/782
  Val step 550/782
  Val step 600/782
  Val step 650/782
  Val step 700/782
  Val step 750/782
  Val Acc : 14.26%
==================================================
Epoch 2 Summary
  Loss          : 5.0366
  Train Acc     : 9.22%
  Val Acc       : 14.26%
  Throughput    : 519 img/s
  GPU Util      : 0.3%
  VRAM          : 4888MB
  Idle Time     : 99.7%
  VRAM Used     : 4888 MB
  Batch size    : 256
  Workers       : 16
  Prefetch      : 1
  Adjustments   : 0
  Time          : 41.2 min
==================================================
Epoch 3/3 | Step     0 | Loss 4.7981 | Acc 14.06% | GPU 0.2% | batch=256 workers=16 prefetch=1
Epoch 3/3 | Step   100 | Loss 4.7117 | Acc 12.69% | GPU 13.6% | batch=256 workers=16 prefetch=1
Epoch 3/3 | Step   200 | Loss 4.6777 | Acc 13.11% | GPU 18.1% | batch=256 workers=16 prefetch=1
Epoch 3/3 | Step   300 | Loss 4.6609 | Acc 13.17% | GPU 16.5% | batch=256 workers=16 prefetch=1
Epoch 3/3 | Step   400 | Loss 4.6484 | Acc 13.30% | GPU 16.5% | batch=256 workers=16 prefetch=1
Epoch 3/3 | Step   500 | Loss 4.6389 | Acc 13.35% | GPU 17.3% | batch=256 workers=16 prefetch=1
Epoch 3/3 | Step   600 | Loss 4.6325 | Acc 13.43% | GPU 12.4% | batch=256 workers=16 prefetch=1
Epoch 3/3 | Step   700 | Loss 4.6249 | Acc 13.54% | GPU 15.1% | batch=256 workers=16 prefetch=1
Epoch 3/3 | Step   800 | Loss 4.6134 | Acc 13.67% | GPU 7.6% | batch=256 workers=16 prefetch=1
Epoch 3/3 | Step   900 | Loss 4.6049 | Acc 13.77% | GPU 12.2% | batch=256 workers=16 prefetch=1
Epoch 3/3 | Step  1000 | Loss 4.5969 | Acc 13.85% | GPU 15.5% | batch=256 workers=16 prefetch=1
Epoch 3/3 | Step  1100 | Loss 4.5899 | Acc 13.92% | GPU 12.1% | batch=256 workers=16 prefetch=1
Epoch 3/3 | Step  1200 | Loss 4.5844 | Acc 13.99% | GPU 11.6% | batch=256 workers=16 prefetch=1
Epoch 3/3 | Step  1300 | Loss 4.5783 | Acc 14.07% | GPU 13.7% | batch=256 workers=16 prefetch=1
Epoch 3/3 | Step  1400 | Loss 4.5734 | Acc 14.13% | GPU 7.9% | batch=256 workers=16 prefetch=1
Epoch 3/3 | Step  1500 | Loss 4.5677 | Acc 14.19% | GPU 8.6% | batch=256 workers=16 prefetch=1
Epoch 3/3 | Step  1600 | Loss 4.5628 | Acc 14.24% | GPU 10.1% | batch=256 workers=16 prefetch=1
Epoch 3/3 | Step  1700 | Loss 4.5570 | Acc 14.29% | GPU 9.6% | batch=256 workers=16 prefetch=1
Epoch 3/3 | Step  1800 | Loss 4.5517 | Acc 14.35% | GPU 5.1% | batch=256 workers=16 prefetch=1
Epoch 3/3 | Step  1900 | Loss 4.5468 | Acc 14.41% | GPU 4.1% | batch=256 workers=16 prefetch=1
Epoch 3/3 | Step  2000 | Loss 4.5429 | Acc 14.45% | GPU 8.7% | batch=256 workers=16 prefetch=1
Epoch 3/3 | Step  2100 | Loss 4.5381 | Acc 14.50% | GPU 9.5% | batch=256 workers=16 prefetch=1
Epoch 3/3 | Step  2200 | Loss 4.5344 | Acc 14.53% | GPU 12.0% | batch=256 workers=16 prefetch=1
Epoch 3/3 | Step  2300 | Loss 4.5308 | Acc 14.57% | GPU 9.5% | batch=256 workers=16 prefetch=1
Epoch 3/3 | Step  2400 | Loss 4.5273 | Acc 14.61% | GPU 11.0% | batch=256 workers=16 prefetch=1
Epoch 3/3 | Step  2500 | Loss 4.5224 | Acc 14.68% | GPU 8.1% | batch=256 workers=16 prefetch=1
Epoch 3/3 | Step  2600 | Loss 4.5199 | Acc 14.70% | GPU 9.0% | batch=256 workers=16 prefetch=1
Epoch 3/3 | Step  2700 | Loss 4.5162 | Acc 14.74% | GPU 8.3% | batch=256 workers=16 prefetch=1
Epoch 3/3 | Step  2800 | Loss 4.5129 | Acc 14.78% | GPU 8.2% | batch=256 workers=16 prefetch=1
Epoch 3/3 | Step  2900 | Loss 4.5097 | Acc 14.81% | GPU 14.7% | batch=256 workers=16 prefetch=1
Epoch 3/3 | Step  3000 | Loss 4.5066 | Acc 14.85% | GPU 11.9% | batch=256 workers=16 prefetch=1
Epoch 3/3 | Step  3100 | Loss 4.5036 | Acc 14.88% | GPU 9.8% | batch=256 workers=16 prefetch=1
Epoch 3/3 | Step  3200 | Loss 4.5001 | Acc 14.93% | GPU 9.2% | batch=256 workers=16 prefetch=1
Epoch 3/3 | Step  3300 | Loss 4.4974 | Acc 14.97% | GPU 11.4% | batch=256 workers=16 prefetch=1
Epoch 3/3 | Step  3400 | Loss 4.4938 | Acc 15.01% | GPU 15.7% | batch=256 workers=16 prefetch=1
Epoch 3/3 | Step  3500 | Loss 4.4909 | Acc 15.05% | GPU 12.5% | batch=256 workers=16 prefetch=1
Epoch 3/3 | Step  3600 | Loss 4.4873 | Acc 15.09% | GPU 11.0% | batch=256 workers=16 prefetch=1
Epoch 3/3 | Step  3700 | Loss 4.4835 | Acc 15.13% | GPU 8.5% | batch=256 workers=16 prefetch=1
Epoch 3/3 | Step  3800 | Loss 4.4804 | Acc 15.16% | GPU 11.8% | batch=256 workers=16 prefetch=1
Epoch 3/3 | Step  3900 | Loss 4.4764 | Acc 15.22% | GPU 12.5% | batch=256 workers=16 prefetch=1
Epoch 3/3 | Step  4000 | Loss 4.4738 | Acc 15.25% | GPU 7.5% | batch=256 workers=16 prefetch=1
Epoch 3/3 | Step  4100 | Loss 4.4705 | Acc 15.28% | GPU 9.7% | batch=256 workers=16 prefetch=1
Epoch 3/3 | Step  4200 | Loss 4.4674 | Acc 15.31% | GPU 13.9% | batch=256 workers=16 prefetch=1
Epoch 3/3 | Step  4300 | Loss 4.4644 | Acc 15.34% | GPU 9.6% | batch=256 workers=16 prefetch=1
Epoch 3/3 | Step  4400 | Loss 4.4611 | Acc 15.39% | GPU 10.5% | batch=256 workers=16 prefetch=1
Epoch 3/3 | Step  4500 | Loss 4.4577 | Acc 15.43% | GPU 11.6% | batch=256 workers=16 prefetch=1
Epoch 3/3 | Step  4600 | Loss 4.4551 | Acc 15.45% | GPU 11.6% | batch=256 workers=16 prefetch=1
Epoch 3/3 | Step  4700 | Loss 4.4518 | Acc 15.50% | GPU 12.9% | batch=256 workers=16 prefetch=1
Epoch 3/3 | Step  4800 | Loss 4.4493 | Acc 15.53% | GPU 11.7% | batch=256 workers=16 prefetch=1
Epoch 3/3 | Step  4900 | Loss 4.4467 | Acc 15.57% | GPU 13.0% | batch=256 workers=16 prefetch=1
Epoch 3/3 | Step  5000 | Loss 4.4439 | Acc 15.60% | GPU 5.8% | batch=256 workers=16 prefetch=1
  Running validation...
  Val step 0/782
  Val step 50/782
  Val step 100/782
  Val step 150/782
  Val step 200/782
  Val step 250/782
  Val step 300/782
  Val step 350/782
  Val step 400/782
  Val step 450/782
  Val step 500/782
  Val step 550/782
  Val step 600/782
  Val step 650/782
  Val step 700/782
  Val step 750/782
  Val Acc : 22.66%
==================================================
Epoch 3 Summary
  Loss          : 4.4438
  Train Acc     : 15.60%
  Val Acc       : 22.66%
  Throughput    : 503 img/s
  GPU Util      : 0.4%
  VRAM          : 4888MB
  Idle Time     : 99.6%
  VRAM Used     : 4888 MB
  Batch size    : 256
  Workers       : 16
  Prefetch      : 1
  Adjustments   : 0
  Time          : 42.4 min
==================================================
AdaptiveController stopped.
GPUMonitor stopped.

All adjustments made during training:
  [21:55:52] Phase 1 workers: 2->4 (GPU 2.2% | VRAM free 96.7%)
  [21:57:52] Phase 1 workers: 4->6 (GPU 3.5% | VRAM free 96.7%)
  [21:59:52] Phase 1 workers: 6->8 (GPU 6.3% | VRAM free 96.7%)
  [22:01:52] Phase 1 workers: 8->10 (GPU 3.8% | VRAM free 96.7%)
  [22:03:52] Phase 1 workers: 10->12 (GPU 6.6% | VRAM free 96.7%)
  [22:05:52] Phase 1 workers: 12->14 (GPU 6.2% | VRAM free 96.7%)
  [22:07:52] Phase 1 workers: 14->16 (GPU 10.0% | VRAM free 96.7%)
  [22:10:52] Phase 2 batch: 64->128 (GPU 17.0% | VRAM free 96.7%)
  [22:12:52] Phase 2 batch: 128->192 (GPU 16.7% | VRAM free 95.8%)
  [22:14:52] Phase 2 batch: 192->256 (GPU 21.5% | VRAM free 94.9%)

Done. Results saved → logs/adaptive_alexnet_metrics.csv
Job finished : Thu 21 May 00:21:25 WEST 2026
